[0827/230630.949:ERROR:process_memory_win.cc(73)] ReadMemory at 0x7ff67fb80000 of 64 bytes failed: Only part of a ReadProcessMemory or WriteProcessMemory request was completed. (0x12B)
[0827/230630.951:WARNING:pe_image_reader.cc(340)] could not read dos header from C:\Program Files (x86)\Google\Chrome\Application\chrome.exe
[0827/230630.951:ERROR:process_memory_win.cc(73)] ReadMemory at 0x7ffbd63b0000 of 64 bytes failed: Only part of a ReadProcessMemory or WriteProcessMemory request was completed. (0x12B)
[0827/230630.951:WARNING:pe_image_reader.cc(340)] could not read dos header from C:\Windows\SYSTEM32\ntdll.dll
[0827/230630.951:ERROR:process_memory_win.cc(73)] ReadMemory at 0x7ffbd6220000 of 64 bytes failed: Only part of a ReadProcessMemory or WriteProcessMemory request was completed. (0x12B)
[0827/230630.952:WARNING:pe_image_reader.cc(340)] could not read dos header from C:\Windows\System32\KERNEL32.DLL
[0827/230630.952:ERROR:process_memory_win.cc(73)] ReadMemory at 0x7ffbd3d70000 of 64 bytes failed: Only part of a ReadProcessMemory or WriteProcessMemory request was completed. (0x12B)
[0827/230630.952:WARNING:pe_image_reader.cc(340)] could not read dos header from C:\Windows\System32\KERNELBASE.dll
[0827/230630.952:ERROR:process_memory_win.cc(73)] ReadMemory at 0x7ffbafa30000 of 64 bytes failed: Only part of a ReadProcessMemory or WriteProcessMemory request was completed. (0x12B)
[0827/230630.952:WARNING:pe_image_reader.cc(340)] could not read dos header from C:\Program Files (x86)\Google\Chrome\Application\84.0.4147.135\chrome_elf.dll
[0827/230630.952:ERROR:process_memory_win.cc(73)] ReadMemory at 0x7ffbc9f70000 of 64 bytes failed: Only part of a ReadProcessMemory or WriteProcessMemory request was completed. (0x12B)
[0827/230630.952:WARNING:pe_image_reader.cc(340)] could not read dos header from C:\Windows\SYSTEM32\VERSION.dll
[0827/230630.952:ERROR:process_memory_win.cc(73)] ReadMemory at 0x7ffbd4800000 of 64 bytes failed: Only part of a ReadProcessMemory or WriteProcessMemory request was completed. (0x12B)
[0827/230630.952:WARNING:pe_image_reader.cc(340)] could not read dos header from C:\Windows\System32\msvcrt.dll
[0827/230630.952:ERROR:process_memory_win.cc(73)] ReadMemory at 0x7ffbd5db0000 of 64 bytes failed: Only part of a ReadProcessMemory or WriteProcessMemory request was completed. (0x12B)
[0827/230630.952:WARNING:pe_image_reader.cc(340)] could not read dos header from C:\Windows\System32\ADVAPI32.dll
[0827/230630.952:ERROR:process_memory_win.cc(73)] ReadMemory at 0x7ffbd5f10000 of 64 bytes failed: Only part of a ReadProcessMemory or WriteProcessMemory request was completed. (0x12B)
[0827/230630.952:WARNING:pe_image_reader.cc(340)] could not read dos header from C:\Windows\System32\sechost.dll
[0827/230630.952:ERROR:process_memory_win.cc(73)] ReadMemory at 0x7ffbd4f80000 of 64 bytes failed: Only part of a ReadProcessMemory or WriteProcessMemory request was completed. (0x12B)
[0827/230630.952:WARNING:pe_image_reader.cc(340)] could not read dos header from C:\Windows\System32\RPCRT4.dll
[0827/230630.953:ERROR:process_memory_win.cc(73)] ReadMemory at 0x7ffb832b0000 of 64 bytes failed: Only part of a ReadProcessMemory or WriteProcessMemory request was completed. (0x12B)
[0827/230630.953:WARNING:pe_image_reader.cc(340)] could not read dos header from C:\Program Files (x86)\Google\Chrome\Application\84.0.4147.135\chrome.dll
[0827/230630.953:ERROR:process_memory_win.cc(73)] ReadMemory at 0x7ffbd4970000 of 64 bytes failed: Only part of a ReadProcessMemory or WriteProcessMemory request was completed. (0x12B)
[0827/230630.953:WARNING:pe_image_reader.cc(340)] could not read dos header from C:\Windows\System32\WS2_32.dll
[0827/230630.953:ERROR:process_memory_win.cc(73)] ReadMemory at 0x7ffbd48a0000 of 64 bytes failed: Only part of a ReadProcessMemory or WriteProcessMemory request was completed. (0x12B)
[0827/230630.953:WARNING:pe_image_reader.cc(340)] could not read dos header from C:\Windows\System32\OLEAUT32.dll
[0827/230630.953:ERROR:process_memory_win.cc(73)] ReadMemory at 0x7ffbd4140000 of 64 bytes failed: Only part of a ReadProcessMemory or WriteProcessMemory request was completed. (0x12B)
[0827/230630.953:WARNING:pe_image_reader.cc(340)] could not read dos header from C:\Windows\System32\msvcp_win.dll
[0827/230630.953:ERROR:process_memory_win.cc(73)] ReadMemory at 0x7ffbd4320000 of 64 bytes failed: Only part of a ReadProcessMemory or WriteProcessMemory request was completed. (0x12B)
[0827/230630.953:WARNING:pe_image_reader.cc(340)] could not read dos header from C:\Windows\System32\ucrtbase.dll
[0827/230630.953:ERROR:process_memory_win.cc(73)] ReadMemory at 0x7ffbd50d0000 of 64 bytes failed: Only part of a ReadProcessMemory or WriteProcessMemory request was completed. (0x12B)
[0827/230630.953:WARNING:pe_image_reader.cc(340)] could not read dos header from C:\Windows\System32\combase.dll
[0827/230630.954:ERROR:process_memory_win.cc(73)] ReadMemory at 0x7ffbd3bb0000 of 64 bytes failed: Only part of a ReadProcessMemory or WriteProcessMemory request was completed. (0x12B)
[0827/230630.954:WARNING:pe_image_reader.cc(340)] could not read dos header from C:\Windows\System32\WINTRUST.dll
[0827/230630.954:ERROR:process_memory_win.cc(73)] ReadMemory at 0x7ffbd3c10000 of 64 bytes failed: Only part of a ReadProcessMemory or WriteProcessMemory request was completed. (0x12B)
[0827/230630.954:WARNING:pe_image_reader.cc(340)] could not read dos header from C:\Windows\System32\CRYPT32.dll
[0827/230630.954:ERROR:process_memory_win.cc(73)] ReadMemory at 0x7ffbd2fa0000 of 64 bytes failed: Only part of a ReadProcessMemory or WriteProcessMemory request was completed. (0x12B)
[0827/230630.954:WARNING:pe_image_reader.cc(340)] could not read dos header from C:\Windows\SYSTEM32\IPHLPAPI.DLL
[0827/230630.954:ERROR:process_memory_win.cc(73)] ReadMemory at 0x7ffbc9f40000 of 64 bytes failed: Only part of a ReadProcessMemory or WriteProcessMemory request was completed. (0x12B)
[0827/230630.954:WARNING:pe_image_reader.cc(340)] could not read dos header from C:\Windows\SYSTEM32\WINMM.dll
[0827/230630.954:ERROR:process_memory_win.cc(73)] ReadMemory at 0x7ffbbfb90000 of 64 bytes failed: Only part of a ReadProcessMemory or WriteProcessMemory request was completed. (0x12B)
[0827/230630.954:WARNING:pe_image_reader.cc(340)] could not read dos header from C:\Windows\SYSTEM32\Secur32.dll
[0827/230630.954:ERROR:process_memory_win.cc(73)] ReadMemory at 0x7ffbd39c0000 of 64 bytes failed: Only part of a ReadProcessMemory or WriteProcessMemory request was completed. (0x12B)
[0827/230630.954:WARNING:pe_image_reader.cc(340)] could not read dos header from C:\Windows\SYSTEM32\USERENV.dll
[0827/230630.954:ERROR:process_memory_win.cc(73)] ReadMemory at 0x7ffbb5e40000 of 64 bytes failed: Only part of a ReadProcessMemory or WriteProcessMemory request was completed. (0x12B)
[0827/230630.954:WARNING:pe_image_reader.cc(340)] could not read dos header from C:\Windows\SYSTEM32\UIAutomationCore.DLL
[0827/230630.954:ERROR:process_memory_win.cc(73)] ReadMemory at 0x7ffbc6e50000 of 64 bytes failed: Only part of a ReadProcessMemory or WriteProcessMemory request was completed. (0x12B)
[0827/230630.955:WARNING:pe_image_reader.cc(340)] could not read dos header from C:\Windows\SYSTEM32\DWrite.dll
[0827/230630.955:ERROR:process_memory_win.cc(73)] ReadMemory at 0x7ffbbd090000 of 64 bytes failed: Only part of a ReadProcessMemory or WriteProcessMemory request was completed. (0x12B)
[0827/230630.955:WARNING:pe_image_reader.cc(340)] could not read dos header from C:\Windows\SYSTEM32\WINSPOOL.DRV
[0827/230630.955:ERROR:process_memory_win.cc(73)] ReadMemory at 0x7ffbbf730000 of 64 bytes failed: Only part of a ReadProcessMemory or WriteProcessMemory request was completed. (0x12B)
[0827/230630.955:WARNING:pe_image_reader.cc(340)] could not read dos header from C:\Windows\SYSTEM32\dbghelp.dll
[0827/230630.955:ERROR:process_memory_win.cc(73)] ReadMemory at 0x7ffbcb220000 of 64 bytes failed: Only part of a ReadProcessMemory or WriteProcessMemory request was completed. (0x12B)
[0827/230630.955:WARNING:pe_image_reader.cc(340)] could not read dos header from C:\Windows\SYSTEM32\WINHTTP.dll
[0827/230630.955:ERROR:process_memory_win.cc(73)] ReadMemory at 0x7ffbc9e30000 of 64 bytes failed: Only part of a ReadProcessMemory or WriteProcessMemory request was completed. (0x12B)
[0827/230630.955:WARNING:pe_image_reader.cc(340)] could not read dos header from C:\Windows\SYSTEM32\dhcpcsvc.DLL
[0827/230630.955:ERROR:process_memory_win.cc(73)] ReadMemory at 0x7ffbcf620000 of 64 bytes failed: Only part of a ReadProcessMemory or WriteProcessMemory request was completed. (0x12B)
[0827/230630.955:WARNING:pe_image_reader.cc(340)] could not read dos header from C:\Windows\SYSTEM32\PROPSYS.dll
[0827/230630.955:ERROR:process_memory_win.cc(73)] ReadMemory at 0x7ffbd39f0000 of 64 bytes failed: Only part of a ReadProcessMemory or WriteProcessMemory request was completed. (0x12B)
[0827/230630.955:WARNING:pe_image_reader.cc(340)] could not read dos header from C:\Windows\SYSTEM32\SSPICLI.DLL
[0827/230630.955:ERROR:process_memory_win.cc(73)] ReadMemory at 0x7ffbd3700000 of 64 bytes failed: Only part of a ReadProcessMemory or WriteProcessMemory request was completed. (0x12B)
[0827/230630.955:WARNING:pe_image_reader.cc(340)] could not read dos header from C:\Windows\System32\MSASN1.dll
[0827/230630.955:ERROR:process_memory_win.cc(73)] ReadMemory at 0x7ffbd3b00000 of 64 bytes failed: Only part of a ReadProcessMemory or WriteProcessMemory request was completed. (0x12B)
[0827/230630.955:WARNING:pe_image_reader.cc(340)] could not read dos header from C:\Windows\System32\bcryptPrimitives.dll
[0827/230630.956:ERROR:process_memory_win.cc(73)] ReadMemory at 0x7ffbd5670000 of 64 bytes failed: Only part of a ReadProcessMemory or WriteProcessMemory request was completed. (0x12B)
[0827/230630.956:WARNING:pe_image_reader.cc(340)] could not read dos header from C:\Windows\System32\SHELL32.dll
[0827/230630.956:ERROR:process_memory_win.cc(73)] ReadMemory at 0x7ffbd44b0000 of 64 bytes failed: Only part of a ReadProcessMemory or WriteProcessMemory request was completed. (0x12B)
[0827/230630.956:WARNING:pe_image_reader.cc(340)] could not read dos header from C:\Windows\System32\USER32.dll
[0827/230630.956:ERROR:process_memory_win.cc(73)] ReadMemory at 0x7ffbd42f0000 of 64 bytes failed: Only part of a ReadProcessMemory or WriteProcessMemory request was completed. (0x12B)
[0827/230630.956:WARNING:pe_image_reader.cc(340)] could not read dos header from C:\Windows\System32\win32u.dll
[0827/230630.956:ERROR:process_memory_win.cc(73)] ReadMemory at 0x7ffbd47d0000 of 64 bytes failed: Only part of a ReadProcessMemory or WriteProcessMemory request was completed. (0x12B)
[0827/230630.956:WARNING:pe_image_reader.cc(340)] could not read dos header from C:\Windows\System32\GDI32.dll
[0827/230630.956:ERROR:process_memory_win.cc(73)] ReadMemory at 0x7ffbd41e0000 of 64 bytes failed: Only part of a ReadProcessMemory or WriteProcessMemory request was completed. (0x12B)
[0827/230630.956:WARNING:pe_image_reader.cc(340)] could not read dos header from C:\Windows\System32\gdi32full.dll
[0827/230630.956:ERROR:process_memory_win.cc(73)] ReadMemory at 0x7ffbd4480000 of 64 bytes failed: Only part of a ReadProcessMemory or WriteProcessMemory request was completed. (0x12B)
[0827/230630.956:WARNING:pe_image_reader.cc(340)] could not read dos header from C:\Windows\System32\IMM32.DLL
[0827/230630.956:ERROR:process_memory_win.cc(73)] ReadMemory at 0x7ffbd1c80000 of 64 bytes failed: Only part of a ReadProcessMemory or WriteProcessMemory request was completed. (0x12B)
[0827/230630.956:WARNING:pe_image_reader.cc(340)] could not read dos header from C:\Windows\SYSTEM32\windows.storage.dll
[0827/230630.956:ERROR:process_memory_win.cc(73)] ReadMemory at 0x7ffbd3580000 of 64 bytes failed: Only part of a ReadProcessMemory or WriteProcessMemory request was completed. (0x12B)
[0827/230630.956:WARNING:pe_image_reader.cc(340)] could not read dos header from C:\Windows\SYSTEM32\Wldp.dll
[0827/230630.956:ERROR:process_memory_win.cc(73)] ReadMemory at 0x7ffbd6110000 of 64 bytes failed: Only part of a ReadProcessMemory or WriteProcessMemory request was completed. (0x12B)
[0827/230630.957:WARNING:pe_image_reader.cc(340)] could not read dos header from C:\Windows\System32\SHCORE.dll
[0827/230630.957:ERROR:process_memory_win.cc(73)] ReadMemory at 0x7ffbd60a0000 of 64 bytes failed: Only part of a ReadProcessMemory or WriteProcessMemory request was completed. (0x12B)
[0827/230630.957:WARNING:pe_image_reader.cc(340)] could not read dos header from C:\Windows\System32\shlwapi.dll
[0827/230630.957:ERROR:process_memory_win.cc(73)] ReadMemory at 0x7ffbd3a40000 of 64 bytes failed: Only part of a ReadProcessMemory or WriteProcessMemory request was completed. (0x12B)
[0827/230630.957:WARNING:pe_image_reader.cc(340)] could not read dos header from C:\Windows\SYSTEM32\profapi.dll
[0827/230630.957:ERROR:process_memory_win.cc(73)] ReadMemory at 0x7ffbd34f0000 of 64 bytes failed: Only part of a ReadProcessMemory or WriteProcessMemory request was completed. (0x12B)
[0827/230630.957:WARNING:pe_image_reader.cc(340)] could not read dos header from C:\Windows\SYSTEM32\CRYPTBASE.DLL
[0827/230630.962:ERROR:process_memory_win.cc(73)] ReadMemory at 0x7ff67fb80000 of 64 bytes failed: Only part of a ReadProcessMemory or WriteProcessMemory request was completed. (0x12B)
[0827/230630.962:WARNING:pe_image_reader.cc(340)] could not read dos header from C:\Program Files (x86)\Google\Chrome\Application\chrome.exe
[0827/230630.962:ERROR:process_memory_win.cc(73)] ReadMemory at 0x7ffbd63b0000 of 64 bytes failed: Only part of a ReadProcessMemory or WriteProcessMemory request was completed. (0x12B)
[0827/230630.962:WARNING:pe_image_reader.cc(340)] could not read dos header from C:\Windows\SYSTEM32\ntdll.dll
[0827/230630.962:ERROR:process_memory_win.cc(73)] ReadMemory at 0x7ffbd6220000 of 64 bytes failed: Only part of a ReadProcessMemory or WriteProcessMemory request was completed. (0x12B)
[0827/230630.962:WARNING:pe_image_reader.cc(340)] could not read dos header from C:\Windows\System32\KERNEL32.DLL
[0827/230630.962:ERROR:process_memory_win.cc(73)] ReadMemory at 0x7ffbd3d70000 of 64 bytes failed: Only part of a ReadProcessMemory or WriteProcessMemory request was completed. (0x12B)
[0827/230630.962:WARNING:pe_image_reader.cc(340)] could not read dos header from C:\Windows\System32\KERNELBASE.dll
[0827/230630.962:ERROR:process_memory_win.cc(73)] ReadMemory at 0x7ffbafa30000 of 64 bytes failed: Only part of a ReadProcessMemory or WriteProcessMemory request was completed. (0x12B)
[0827/230630.962:WARNING:pe_image_reader.cc(340)] could not read dos header from C:\Program Files (x86)\Google\Chrome\Application\84.0.4147.135\chrome_elf.dll
[0827/230630.962:ERROR:process_memory_win.cc(73)] ReadMemory at 0x7ffbc9f70000 of 64 bytes failed: Only part of a ReadProcessMemory or WriteProcessMemory request was completed. (0x12B)
[0827/230630.962:WARNING:pe_image_reader.cc(340)] could not read dos header from C:\Windows\SYSTEM32\VERSION.dll
[0827/230630.962:ERROR:process_memory_win.cc(73)] ReadMemory at 0x7ffbd4800000 of 64 bytes failed: Only part of a ReadProcessMemory or WriteProcessMemory request was completed. (0x12B)
[0827/230630.963:WARNING:pe_image_reader.cc(340)] could not read dos header from C:\Windows\System32\msvcrt.dll
[0827/230630.963:ERROR:process_memory_win.cc(73)] ReadMemory at 0x7ffbd5db0000 of 64 bytes failed: Only part of a ReadProcessMemory or WriteProcessMemory request was completed. (0x12B)
[0827/230630.963:WARNING:pe_image_reader.cc(340)] could not read dos header from C:\Windows\System32\ADVAPI32.dll
[0827/230630.963:ERROR:process_memory_win.cc(73)] ReadMemory at 0x7ffbd5f10000 of 64 bytes failed: Only part of a ReadProcessMemory or WriteProcessMemory request was completed. (0x12B)
[0827/230630.963:WARNING:pe_image_reader.cc(340)] could not read dos header from C:\Windows\System32\sechost.dll
[0827/230630.963:ERROR:process_memory_win.cc(73)] ReadMemory at 0x7ffbd4f80000 of 64 bytes failed: Only part of a ReadProcessMemory or WriteProcessMemory request was completed. (0x12B)
[0827/230630.963:WARNING:pe_image_reader.cc(340)] could not read dos header from C:\Windows\System32\RPCRT4.dll
[0827/230630.963:ERROR:process_memory_win.cc(73)] ReadMemory at 0x7ffb832b0000 of 64 bytes failed: Only part of a ReadProcessMemory or WriteProcessMemory request was completed. (0x12B)
[0827/230630.963:WARNING:pe_image_reader.cc(340)] could not read dos header from C:\Program Files (x86)\Google\Chrome\Application\84.0.4147.135\chrome.dll
[0827/230630.963:ERROR:process_memory_win.cc(73)] ReadMemory at 0x7ffbd4970000 of 64 bytes failed: Only part of a ReadProcessMemory or WriteProcessMemory request was completed. (0x12B)
[0827/230630.963:WARNING:pe_image_reader.cc(340)] could not read dos header from C:\Windows\System32\WS2_32.dll
[0827/230630.963:ERROR:process_memory_win.cc(73)] ReadMemory at 0x7ffbd48a0000 of 64 bytes failed: Only part of a ReadProcessMemory or WriteProcessMemory request was completed. (0x12B)
[0827/230630.963:WARNING:pe_image_reader.cc(340)] could not read dos header from C:\Windows\System32\OLEAUT32.dll
[0827/230630.963:ERROR:process_memory_win.cc(73)] ReadMemory at 0x7ffbd4140000 of 64 bytes failed: Only part of a ReadProcessMemory or WriteProcessMemory request was completed. (0x12B)
[0827/230630.963:WARNING:pe_image_reader.cc(340)] could not read dos header from C:\Windows\System32\msvcp_win.dll
[0827/230630.963:ERROR:process_memory_win.cc(73)] ReadMemory at 0x7ffbd4320000 of 64 bytes failed: Only part of a ReadProcessMemory or WriteProcessMemory request was completed. (0x12B)
[0827/230630.964:WARNING:pe_image_reader.cc(340)] could not read dos header from C:\Windows\System32\ucrtbase.dll
[0827/230630.964:ERROR:process_memory_win.cc(73)] ReadMemory at 0x7ffbd50d0000 of 64 bytes failed: Only part of a ReadProcessMemory or WriteProcessMemory request was completed. (0x12B)
[0827/230630.964:WARNING:pe_image_reader.cc(340)] could not read dos header from C:\Windows\System32\combase.dll
[0827/230630.964:ERROR:process_memory_win.cc(73)] ReadMemory at 0x7ffbd3bb0000 of 64 bytes failed: Only part of a ReadProcessMemory or WriteProcessMemory request was completed. (0x12B)
[0827/230630.964:WARNING:pe_image_reader.cc(340)] could not read dos header from C:\Windows\System32\WINTRUST.dll
[0827/230630.964:ERROR:process_memory_win.cc(73)] ReadMemory at 0x7ffbd3c10000 of 64 bytes failed: Only part of a ReadProcessMemory or WriteProcessMemory request was completed. (0x12B)
[0827/230630.964:WARNING:pe_image_reader.cc(340)] could not read dos header from C:\Windows\System32\CRYPT32.dll
[0827/230630.964:ERROR:process_memory_win.cc(73)] ReadMemory at 0x7ffbd2fa0000 of 64 bytes failed: Only part of a ReadProcessMemory or WriteProcessMemory request was completed. (0x12B)
[0827/230630.964:WARNING:pe_image_reader.cc(340)] could not read dos header from C:\Windows\SYSTEM32\IPHLPAPI.DLL
[0827/230630.964:ERROR:process_memory_win.cc(73)] ReadMemory at 0x7ffbc9f40000 of 64 bytes failed: Only part of a ReadProcessMemory or WriteProcessMemory request was completed. (0x12B)
[0827/230630.964:WARNING:pe_image_reader.cc(340)] could not read dos header from C:\Windows\SYSTEM32\WINMM.dll
[0827/230630.964:ERROR:process_memory_win.cc(73)] ReadMemory at 0x7ffbbfb90000 of 64 bytes failed: Only part of a ReadProcessMemory or WriteProcessMemory request was completed. (0x12B)
[0827/230630.964:WARNING:pe_image_reader.cc(340)] could not read dos header from C:\Windows\SYSTEM32\Secur32.dll
[0827/230630.964:ERROR:process_memory_win.cc(73)] ReadMemory at 0x7ffbd39c0000 of 64 bytes failed: Only part of a ReadProcessMemory or WriteProcessMemory request was completed. (0x12B)
[0827/230630.964:WARNING:pe_image_reader.cc(340)] could not read dos header from C:\Windows\SYSTEM32\USERENV.dll
[0827/230630.964:ERROR:process_memory_win.cc(73)] ReadMemory at 0x7ffbb5e40000 of 64 bytes failed: Only part of a ReadProcessMemory or WriteProcessMemory request was completed. (0x12B)
[0827/230630.964:WARNING:pe_image_reader.cc(340)] could not read dos header from C:\Windows\SYSTEM32\UIAutomationCore.DLL
[0827/230630.964:ERROR:process_memory_win.cc(73)] ReadMemory at 0x7ffbc6e50000 of 64 bytes failed: Only part of a ReadProcessMemory or WriteProcessMemory request was completed. (0x12B)
[0827/230630.965:WARNING:pe_image_reader.cc(340)] could not read dos header from C:\Windows\SYSTEM32\DWrite.dll
[0827/230630.965:ERROR:process_memory_win.cc(73)] ReadMemory at 0x7ffbbd090000 of 64 bytes failed: Only part of a ReadProcessMemory or WriteProcessMemory request was completed. (0x12B)
[0827/230630.965:WARNING:pe_image_reader.cc(340)] could not read dos header from C:\Windows\SYSTEM32\WINSPOOL.DRV
[0827/230630.965:ERROR:process_memory_win.cc(73)] ReadMemory at 0x7ffbbf730000 of 64 bytes failed: Only part of a ReadProcessMemory or WriteProcessMemory request was completed. (0x12B)
[0827/230630.965:WARNING:pe_image_reader.cc(340)] could not read dos header from C:\Windows\SYSTEM32\dbghelp.dll
[0827/230630.965:ERROR:process_memory_win.cc(73)] ReadMemory at 0x7ffbcb220000 of 64 bytes failed: Only part of a ReadProcessMemory or WriteProcessMemory request was completed. (0x12B)
[0827/230630.965:WARNING:pe_image_reader.cc(340)] could not read dos header from C:\Windows\SYSTEM32\WINHTTP.dll
[0827/230630.965:ERROR:process_memory_win.cc(73)] ReadMemory at 0x7ffbc9e30000 of 64 bytes failed: Only part of a ReadProcessMemory or WriteProcessMemory request was completed. (0x12B)
[0827/230630.965:WARNING:pe_image_reader.cc(340)] could not read dos header from C:\Windows\SYSTEM32\dhcpcsvc.DLL
[0827/230630.965:ERROR:process_memory_win.cc(73)] ReadMemory at 0x7ffbcf620000 of 64 bytes failed: Only part of a ReadProcessMemory or WriteProcessMemory request was completed. (0x12B)
[0827/230630.965:WARNING:pe_image_reader.cc(340)] could not read dos header from C:\Windows\SYSTEM32\PROPSYS.dll
[0827/230630.965:ERROR:process_memory_win.cc(73)] ReadMemory at 0x7ffbd39f0000 of 64 bytes failed: Only part of a ReadProcessMemory or WriteProcessMemory request was completed. (0x12B)
[0827/230630.965:WARNING:pe_image_reader.cc(340)] could not read dos header from C:\Windows\SYSTEM32\SSPICLI.DLL
[0827/230630.965:ERROR:process_memory_win.cc(73)] ReadMemory at 0x7ffbd3700000 of 64 bytes failed: Only part of a ReadProcessMemory or WriteProcessMemory request was completed. (0x12B)
[0827/230630.965:WARNING:pe_image_reader.cc(340)] could not read dos header from C:\Windows\System32\MSASN1.dll
[0827/230630.965:ERROR:process_memory_win.cc(73)] ReadMemory at 0x7ffbd3b00000 of 64 bytes failed: Only part of a ReadProcessMemory or WriteProcessMemory request was completed. (0x12B)
[0827/230630.965:WARNING:pe_image_reader.cc(340)] could not read dos header from C:\Windows\System32\bcryptPrimitives.dll
[0827/230630.965:ERROR:process_memory_win.cc(73)] ReadMemory at 0x7ffbd5670000 of 64 bytes failed: Only part of a ReadProcessMemory or WriteProcessMemory request was completed. (0x12B)
[0827/230630.966:WARNING:pe_image_reader.cc(340)] could not read dos header from C:\Windows\System32\SHELL32.dll
[0827/230630.966:ERROR:process_memory_win.cc(73)] ReadMemory at 0x7ffbd44b0000 of 64 bytes failed: Only part of a ReadProcessMemory or WriteProcessMemory request was completed. (0x12B)
[0827/230630.966:WARNING:pe_image_reader.cc(340)] could not read dos header from C:\Windows\System32\USER32.dll
[0827/230630.966:ERROR:process_memory_win.cc(73)] ReadMemory at 0x7ffbd42f0000 of 64 bytes failed: Only part of a ReadProcessMemory or WriteProcessMemory request was completed. (0x12B)
[0827/230630.966:WARNING:pe_image_reader.cc(340)] could not read dos header from C:\Windows\System32\win32u.dll
[0827/230630.966:ERROR:process_memory_win.cc(73)] ReadMemory at 0x7ffbd47d0000 of 64 bytes failed: Only part of a ReadProcessMemory or WriteProcessMemory request was completed. (0x12B)
[0827/230630.966:WARNING:pe_image_reader.cc(340)] could not read dos header from C:\Windows\System32\GDI32.dll
[0827/230630.966:ERROR:process_memory_win.cc(73)] ReadMemory at 0x7ffbd41e0000 of 64 bytes failed: Only part of a ReadProcessMemory or WriteProcessMemory request was completed. (0x12B)
[0827/230630.966:WARNING:pe_image_reader.cc(340)] could not read dos header from C:\Windows\System32\gdi32full.dll
[0827/230630.966:ERROR:process_memory_win.cc(73)] ReadMemory at 0x7ffbd4480000 of 64 bytes failed: Only part of a ReadProcessMemory or WriteProcessMemory request was completed. (0x12B)
[0827/230630.966:WARNING:pe_image_reader.cc(340)] could not read dos header from C:\Windows\System32\IMM32.DLL
[0827/230630.966:ERROR:process_memory_win.cc(73)] ReadMemory at 0x7ffbd1c80000 of 64 bytes failed: Only part of a ReadProcessMemory or WriteProcessMemory request was completed. (0x12B)
[0827/230630.966:WARNING:pe_image_reader.cc(340)] could not read dos header from C:\Windows\SYSTEM32\windows.storage.dll
[0827/230630.966:ERROR:process_memory_win.cc(73)] ReadMemory at 0x7ffbd3580000 of 64 bytes failed: Only part of a ReadProcessMemory or WriteProcessMemory request was completed. (0x12B)
[0827/230630.967:WARNING:pe_image_reader.cc(340)] could not read dos header from C:\Windows\SYSTEM32\Wldp.dll
[0827/230630.967:ERROR:process_memory_win.cc(73)] ReadMemory at 0x7ffbd6110000 of 64 bytes failed: Only part of a ReadProcessMemory or WriteProcessMemory request was completed. (0x12B)
[0827/230630.967:WARNING:pe_image_reader.cc(340)] could not read dos header from C:\Windows\System32\SHCORE.dll
[0827/230630.967:ERROR:process_memory_win.cc(73)] ReadMemory at 0x7ffbd60a0000 of 64 bytes failed: Only part of a ReadProcessMemory or WriteProcessMemory request was completed. (0x12B)
[0827/230630.967:WARNING:pe_image_reader.cc(340)] could not read dos header from C:\Windows\System32\shlwapi.dll
[0827/230630.967:ERROR:process_memory_win.cc(73)] ReadMemory at 0x7ffbd3a40000 of 64 bytes failed: Only part of a ReadProcessMemory or WriteProcessMemory request was completed. (0x12B)
[0827/230630.967:WARNING:pe_image_reader.cc(340)] could not read dos header from C:\Windows\SYSTEM32\profapi.dll
[0827/230630.967:ERROR:process_memory_win.cc(73)] ReadMemory at 0x7ffbd34f0000 of 64 bytes failed: Only part of a ReadProcessMemory or WriteProcessMemory request was completed. (0x12B)
[0827/230630.967:WARNING:pe_image_reader.cc(340)] could not read dos header from C:\Windows\SYSTEM32\CRYPTBASE.DLL
[0827/230630.967:ERROR:process_memory_win.cc(73)] ReadMemory at 0x7ff67fb80000 of 64 bytes failed: Only part of a ReadProcessMemory or WriteProcessMemory request was completed. (0x12B)
[0827/230630.967:WARNING:pe_image_reader.cc(340)] could not read dos header from C:\Program Files (x86)\Google\Chrome\Application\chrome.exe
[0827/230630.967:ERROR:process_memory_win.cc(73)] ReadMemory at 0x7ffbd63b0000 of 64 bytes failed: Only part of a ReadProcessMemory or WriteProcessMemory request was completed. (0x12B)
[0827/230630.967:WARNING:pe_image_reader.cc(340)] could not read dos header from C:\Windows\SYSTEM32\ntdll.dll
[0827/230630.967:ERROR:process_memory_win.cc(73)] ReadMemory at 0x7ffbd6220000 of 64 bytes failed: Only part of a ReadProcessMemory or WriteProcessMemory request was completed. (0x12B)
[0827/230630.967:WARNING:pe_image_reader.cc(340)] could not read dos header from C:\Windows\System32\KERNEL32.DLL
[0827/230630.967:ERROR:process_memory_win.cc(73)] ReadMemory at 0x7ffbd3d70000 of 64 bytes failed: Only part of a ReadProcessMemory or WriteProcessMemory request was completed. (0x12B)
[0827/230630.967:WARNING:pe_image_reader.cc(340)] could not read dos header from C:\Windows\System32\KERNELBASE.dll
[0827/230630.967:ERROR:process_memory_win.cc(73)] ReadMemory at 0x7ffbafa30000 of 64 bytes failed: Only part of a ReadProcessMemory or WriteProcessMemory request was completed. (0x12B)
[0827/230630.968:WARNING:pe_image_reader.cc(340)] could not read dos header from C:\Program Files (x86)\Google\Chrome\Application\84.0.4147.135\chrome_elf.dll
[0827/230630.968:ERROR:process_memory_win.cc(73)] ReadMemory at 0x7ffbc9f70000 of 64 bytes failed: Only part of a ReadProcessMemory or WriteProcessMemory request was completed. (0x12B)
[0827/230630.968:WARNING:pe_image_reader.cc(340)] could not read dos header from C:\Windows\SYSTEM32\VERSION.dll
[0827/230630.968:ERROR:process_memory_win.cc(73)] ReadMemory at 0x7ffbd4800000 of 64 bytes failed: Only part of a ReadProcessMemory or WriteProcessMemory request was completed. (0x12B)
[0827/230630.968:WARNING:pe_image_reader.cc(340)] could not read dos header from C:\Windows\System32\msvcrt.dll
[0827/230630.968:ERROR:process_memory_win.cc(73)] ReadMemory at 0x7ffbd5db0000 of 64 bytes failed: Only part of a ReadProcessMemory or WriteProcessMemory request was completed. (0x12B)
[0827/230630.968:WARNING:pe_image_reader.cc(340)] could not read dos header from C:\Windows\System32\ADVAPI32.dll
[0827/230630.968:ERROR:process_memory_win.cc(73)] ReadMemory at 0x7ffbd5f10000 of 64 bytes failed: Only part of a ReadProcessMemory or WriteProcessMemory request was completed. (0x12B)
[0827/230630.968:WARNING:pe_image_reader.cc(340)] could not read dos header from C:\Windows\System32\sechost.dll
[0827/230630.968:ERROR:process_memory_win.cc(73)] ReadMemory at 0x7ffbd4f80000 of 64 bytes failed: Only part of a ReadProcessMemory or WriteProcessMemory request was completed. (0x12B)
[0827/230630.968:WARNING:pe_image_reader.cc(340)] could not read dos header from C:\Windows\System32\RPCRT4.dll
[0827/230630.968:ERROR:process_memory_win.cc(73)] ReadMemory at 0x7ffb832b0000 of 64 bytes failed: Only part of a ReadProcessMemory or WriteProcessMemory request was completed. (0x12B)
[0827/230630.968:WARNING:pe_image_reader.cc(340)] could not read dos header from C:\Program Files (x86)\Google\Chrome\Application\84.0.4147.135\chrome.dll
[0827/230630.968:ERROR:process_memory_win.cc(73)] ReadMemory at 0x7ffbd4970000 of 64 bytes failed: Only part of a ReadProcessMemory or WriteProcessMemory request was completed. (0x12B)
[0827/230630.968:WARNING:pe_image_reader.cc(340)] could not read dos header from C:\Windows\System32\WS2_32.dll
[0827/230630.968:ERROR:process_memory_win.cc(73)] ReadMemory at 0x7ffbd48a0000 of 64 bytes failed: Only part of a ReadProcessMemory or WriteProcessMemory request was completed. (0x12B)
[0827/230630.968:WARNING:pe_image_reader.cc(340)] could not read dos header from C:\Windows\System32\OLEAUT32.dll
[0827/230630.968:ERROR:process_memory_win.cc(73)] ReadMemory at 0x7ffbd4140000 of 64 bytes failed: Only part of a ReadProcessMemory or WriteProcessMemory request was completed. (0x12B)
[0827/230630.968:WARNING:pe_image_reader.cc(340)] could not read dos header from C:\Windows\System32\msvcp_win.dll
[0827/230630.969:ERROR:process_memory_win.cc(73)] ReadMemory at 0x7ffbd4320000 of 64 bytes failed: Only part of a ReadProcessMemory or WriteProcessMemory request was completed. (0x12B)
[0827/230630.969:WARNING:pe_image_reader.cc(340)] could not read dos header from C:\Windows\System32\ucrtbase.dll
[0827/230630.969:ERROR:process_memory_win.cc(73)] ReadMemory at 0x7ffbd50d0000 of 64 bytes failed: Only part of a ReadProcessMemory or WriteProcessMemory request was completed. (0x12B)
[0827/230630.969:WARNING:pe_image_reader.cc(340)] could not read dos header from C:\Windows\System32\combase.dll
[0827/230630.969:ERROR:process_memory_win.cc(73)] ReadMemory at 0x7ffbd3bb0000 of 64 bytes failed: Only part of a ReadProcessMemory or WriteProcessMemory request was completed. (0x12B)
[0827/230630.969:WARNING:pe_image_reader.cc(340)] could not read dos header from C:\Windows\System32\WINTRUST.dll
[0827/230630.969:ERROR:process_memory_win.cc(73)] ReadMemory at 0x7ffbd3c10000 of 64 bytes failed: Only part of a ReadProcessMemory or WriteProcessMemory request was completed. (0x12B)
[0827/230630.969:WARNING:pe_image_reader.cc(340)] could not read dos header from C:\Windows\System32\CRYPT32.dll
[0827/230630.969:ERROR:process_memory_win.cc(73)] ReadMemory at 0x7ffbd2fa0000 of 64 bytes failed: Only part of a ReadProcessMemory or WriteProcessMemory request was completed. (0x12B)
[0827/230630.969:WARNING:pe_image_reader.cc(340)] could not read dos header from C:\Windows\SYSTEM32\IPHLPAPI.DLL
[0827/230630.969:ERROR:process_memory_win.cc(73)] ReadMemory at 0x7ffbc9f40000 of 64 bytes failed: Only part of a ReadProcessMemory or WriteProcessMemory request was completed. (0x12B)
[0827/230630.969:WARNING:pe_image_reader.cc(340)] could not read dos header from C:\Windows\SYSTEM32\WINMM.dll
[0827/230630.969:ERROR:process_memory_win.cc(73)] ReadMemory at 0x7ffbbfb90000 of 64 bytes failed: Only part of a ReadProcessMemory or WriteProcessMemory request was completed. (0x12B)
[0827/230630.969:WARNING:pe_image_reader.cc(340)] could not read dos header from C:\Windows\SYSTEM32\Secur32.dll
[0827/230630.969:ERROR:process_memory_win.cc(73)] ReadMemory at 0x7ffbd39c0000 of 64 bytes failed: Only part of a ReadProcessMemory or WriteProcessMemory request was completed. (0x12B)
[0827/230630.970:WARNING:pe_image_reader.cc(340)] could not read dos header from C:\Windows\SYSTEM32\USERENV.dll
[0827/230630.970:ERROR:process_memory_win.cc(73)] ReadMemory at 0x7ffbb5e40000 of 64 bytes failed: Only part of a ReadProcessMemory or WriteProcessMemory request was completed. (0x12B)
[0827/230630.970:WARNING:pe_image_reader.cc(340)] could not read dos header from C:\Windows\SYSTEM32\UIAutomationCore.DLL
[0827/230630.970:ERROR:process_memory_win.cc(73)] ReadMemory at 0x7ffbc6e50000 of 64 bytes failed: Only part of a ReadProcessMemory or WriteProcessMemory request was completed. (0x12B)
[0827/230630.970:WARNING:pe_image_reader.cc(340)] could not read dos header from C:\Windows\SYSTEM32\DWrite.dll
[0827/230630.970:ERROR:process_memory_win.cc(73)] ReadMemory at 0x7ffbbd090000 of 64 bytes failed: Only part of a ReadProcessMemory or WriteProcessMemory request was completed. (0x12B)
[0827/230630.970:WARNING:pe_image_reader.cc(340)] could not read dos header from C:\Windows\SYSTEM32\WINSPOOL.DRV
[0827/230630.970:ERROR:process_memory_win.cc(73)] ReadMemory at 0x7ffbbf730000 of 64 bytes failed: Only part of a ReadProcessMemory or WriteProcessMemory request was completed. (0x12B)
[0827/230630.970:WARNING:pe_image_reader.cc(340)] could not read dos header from C:\Windows\SYSTEM32\dbghelp.dll
[0827/230630.970:ERROR:process_memory_win.cc(73)] ReadMemory at 0x7ffbcb220000 of 64 bytes failed: Only part of a ReadProcessMemory or WriteProcessMemory request was completed. (0x12B)
[0827/230630.970:WARNING:pe_image_reader.cc(340)] could not read dos header from C:\Windows\SYSTEM32\WINHTTP.dll
[0827/230630.970:ERROR:process_memory_win.cc(73)] ReadMemory at 0x7ffbc9e30000 of 64 bytes failed: Only part of a ReadProcessMemory or WriteProcessMemory request was completed. (0x12B)
[0827/230630.970:WARNING:pe_image_reader.cc(340)] could not read dos header from C:\Windows\SYSTEM32\dhcpcsvc.DLL
[0827/230630.970:ERROR:process_memory_win.cc(73)] ReadMemory at 0x7ffbcf620000 of 64 bytes failed: Only part of a ReadProcessMemory or WriteProcessMemory request was completed. (0x12B)
[0827/230630.970:WARNING:pe_image_reader.cc(340)] could not read dos header from C:\Windows\SYSTEM32\PROPSYS.dll
[0827/230630.970:ERROR:process_memory_win.cc(73)] ReadMemory at 0x7ffbd39f0000 of 64 bytes failed: Only part of a ReadProcessMemory or WriteProcessMemory request was completed. (0x12B)
[0827/230630.970:WARNING:pe_image_reader.cc(340)] could not read dos header from C:\Windows\SYSTEM32\SSPICLI.DLL
[0827/230630.970:ERROR:process_memory_win.cc(73)] ReadMemory at 0x7ffbd3700000 of 64 bytes failed: Only part of a ReadProcessMemory or WriteProcessMemory request was completed. (0x12B)
[0827/230630.970:WARNING:pe_image_reader.cc(340)] could not read dos header from C:\Windows\System32\MSASN1.dll
[0827/230630.971:ERROR:process_memory_win.cc(73)] ReadMemory at 0x7ffbd3b00000 of 64 bytes failed: Only part of a ReadProcessMemory or WriteProcessMemory request was completed. (0x12B)
[0827/230630.971:WARNING:pe_image_reader.cc(340)] could not read dos header from C:\Windows\System32\bcryptPrimitives.dll
[0827/230630.971:ERROR:process_memory_win.cc(73)] ReadMemory at 0x7ffbd5670000 of 64 bytes failed: Only part of a ReadProcessMemory or WriteProcessMemory request was completed. (0x12B)
[0827/230630.971:WARNING:pe_image_reader.cc(340)] could not read dos header from C:\Windows\System32\SHELL32.dll
[0827/230630.971:ERROR:process_memory_win.cc(73)] ReadMemory at 0x7ffbd44b0000 of 64 bytes failed: Only part of a ReadProcessMemory or WriteProcessMemory request was completed. (0x12B)
[0827/230630.971:WARNING:pe_image_reader.cc(340)] could not read dos header from C:\Windows\System32\USER32.dll
[0827/230630.971:ERROR:process_memory_win.cc(73)] ReadMemory at 0x7ffbd42f0000 of 64 bytes failed: Only part of a ReadProcessMemory or WriteProcessMemory request was completed. (0x12B)
[0827/230630.971:WARNING:pe_image_reader.cc(340)] could not read dos header from C:\Windows\System32\win32u.dll
[0827/230630.971:ERROR:process_memory_win.cc(73)] ReadMemory at 0x7ffbd47d0000 of 64 bytes failed: Only part of a ReadProcessMemory or WriteProcessMemory request was completed. (0x12B)
[0827/230630.971:WARNING:pe_image_reader.cc(340)] could not read dos header from C:\Windows\System32\GDI32.dll
[0827/230630.971:ERROR:process_memory_win.cc(73)] ReadMemory at 0x7ffbd41e0000 of 64 bytes failed: Only part of a ReadProcessMemory or WriteProcessMemory request was completed. (0x12B)
[0827/230630.971:WARNING:pe_image_reader.cc(340)] could not read dos header from C:\Windows\System32\gdi32full.dll
[0827/230630.971:ERROR:process_memory_win.cc(73)] ReadMemory at 0x7ffbd4480000 of 64 bytes failed: Only part of a ReadProcessMemory or WriteProcessMemory request was completed. (0x12B)
[0827/230630.971:WARNING:pe_image_reader.cc(340)] could not read dos header from C:\Windows\System32\IMM32.DLL
[0827/230630.971:ERROR:process_memory_win.cc(73)] ReadMemory at 0x7ffbd1c80000 of 64 bytes failed: Only part of a ReadProcessMemory or WriteProcessMemory request was completed. (0x12B)
[0827/230630.971:WARNING:pe_image_reader.cc(340)] could not read dos header from C:\Windows\SYSTEM32\windows.storage.dll
[0827/230630.971:ERROR:process_memory_win.cc(73)] ReadMemory at 0x7ffbd3580000 of 64 bytes failed: Only part of a ReadProcessMemory or WriteProcessMemory request was completed. (0x12B)
[0827/230630.971:WARNING:pe_image_reader.cc(340)] could not read dos header from C:\Windows\SYSTEM32\Wldp.dll
[0827/230630.971:ERROR:process_memory_win.cc(73)] ReadMemory at 0x7ffbd6110000 of 64 bytes failed: Only part of a ReadProcessMemory or WriteProcessMemory request was completed. (0x12B)
[0827/230630.972:WARNING:pe_image_reader.cc(340)] could not read dos header from C:\Windows\System32\SHCORE.dll
[0827/230630.972:ERROR:process_memory_win.cc(73)] ReadMemory at 0x7ffbd60a0000 of 64 bytes failed: Only part of a ReadProcessMemory or WriteProcessMemory request was completed. (0x12B)
[0827/230630.972:WARNING:pe_image_reader.cc(340)] could not read dos header from C:\Windows\System32\shlwapi.dll
[0827/230630.972:ERROR:process_memory_win.cc(73)] ReadMemory at 0x7ffbd3a40000 of 64 bytes failed: Only part of a ReadProcessMemory or WriteProcessMemory request was completed. (0x12B)
[0827/230630.972:WARNING:pe_image_reader.cc(340)] could not read dos header from C:\Windows\SYSTEM32\profapi.dll
[0827/230630.972:ERROR:process_memory_win.cc(73)] ReadMemory at 0x7ffbd34f0000 of 64 bytes failed: Only part of a ReadProcessMemory or WriteProcessMemory request was completed. (0x12B)
[0827/230630.972:WARNING:pe_image_reader.cc(340)] could not read dos header from C:\Windows\SYSTEM32\CRYPTBASE.DLL
[0827/230630.989:ERROR:process_memory_win.cc(73)] ReadMemory at 0x7aa1e5000 of 110592 bytes failed: Only part of a ReadProcessMemory or WriteProcessMemory request was completed. (0x12B)
[0827/230630.990:ERROR:process_memory_win.cc(73)] ReadMemory at 0x7aa9fd000 of 12288 bytes failed: Only part of a ReadProcessMemory or WriteProcessMemory request was completed. (0x12B)
[0827/230630.990:ERROR:process_memory_win.cc(73)] ReadMemory at 0x7ab9fd000 of 12288 bytes failed: Only part of a ReadProcessMemory or WriteProcessMemory request was completed. (0x12B)
[0827/230630.990:ERROR:process_memory_win.cc(73)] ReadMemory at 0x7ac1fc000 of 16384 bytes failed: Only part of a ReadProcessMemory or WriteProcessMemory request was completed. (0x12B)
[0827/230630.990:ERROR:process_memory_win.cc(73)] ReadMemory at 0x7ac9ff000 of 4096 bytes failed: Only part of a ReadProcessMemory or WriteProcessMemory request was completed. (0x12B)
[0827/230630.990:ERROR:process_memory_win.cc(73)] ReadMemory at 0x7ad1fc000 of 16384 bytes failed: Only part of a ReadProcessMemory or WriteProcessMemory request was completed. (0x12B)
[0827/230630.990:ERROR:process_memory_win.cc(73)] ReadMemory at 0x7ad9fb000 of 20480 bytes failed: Only part of a ReadProcessMemory or WriteProcessMemory request was completed. (0x12B)
[0827/230630.991:ERROR:process_memory_win.cc(73)] ReadMemory at 0x7ae9fd000 of 12288 bytes failed: Only part of a ReadProcessMemory or WriteProcessMemory request was completed. (0x12B)
[0827/230630.991:ERROR:process_memory_win.cc(73)] ReadMemory at 0x7af1fa000 of 24576 bytes failed: Only part of a ReadProcessMemory or WriteProcessMemory request was completed. (0x12B)
[0827/230630.991:ERROR:process_memory_win.cc(73)] ReadMemory at 0x7af9fa000 of 24576 bytes failed: Only part of a ReadProcessMemory or WriteProcessMemory request was completed. (0x12B)
[0827/230630.991:ERROR:process_memory_win.cc(73)] ReadMemory at 0x7b01fb000 of 20480 bytes failed: Only part of a ReadProcessMemory or WriteProcessMemory request was completed. (0x12B)
[0827/230630.991:ERROR:process_memory_win.cc(73)] ReadMemory at 0x7b09f7000 of 36864 bytes failed: Only part of a ReadProcessMemory or WriteProcessMemory request was completed. (0x12B)
[0827/230630.992:ERROR:process_memory_win.cc(73)] ReadMemory at 0x7b19f7000 of 36864 bytes failed: Only part of a ReadProcessMemory or WriteProcessMemory request was completed. (0x12B)
[0827/230630.992:ERROR:process_memory_win.cc(73)] ReadMemory at 0x7ab1fd000 of 12288 bytes failed: Only part of a ReadProcessMemory or WriteProcessMemory request was completed. (0x12B)
[0827/230630.992:ERROR:process_memory_win.cc(73)] ReadMemory at 0x7a987b000 of 852 bytes failed: Only part of a ReadProcessMemory or WriteProcessMemory request was completed. (0x12B)
[0827/230630.992:ERROR:process_memory_win.cc(73)] ReadMemory at 0x7a987c000 of 6024 bytes failed: Only part of a ReadProcessMemory or WriteProcessMemory request was completed. (0x12B)
[0827/230630.992:ERROR:process_memory_win.cc(73)] ReadMemory at 0x7a987e000 of 6024 bytes failed: Only part of a ReadProcessMemory or WriteProcessMemory request was completed. (0x12B)
[0827/230630.992:ERROR:process_memory_win.cc(73)] ReadMemory at 0x7a9882000 of 6024 bytes failed: Only part of a ReadProcessMemory or WriteProcessMemory request was completed. (0x12B)
[0827/230630.993:ERROR:process_memory_win.cc(73)] ReadMemory at 0x7a9884000 of 6024 bytes failed: Only part of a ReadProcessMemory or WriteProcessMemory request was completed. (0x12B)
[0827/230630.993:ERROR:process_memory_win.cc(73)] ReadMemory at 0x7a9886000 of 6024 bytes failed: Only part of a ReadProcessMemory or WriteProcessMemory request was completed. (0x12B)
[0827/230630.993:ERROR:process_memory_win.cc(73)] ReadMemory at 0x7a9888000 of 6024 bytes failed: Only part of a ReadProcessMemory or WriteProcessMemory request was completed. (0x12B)
[0827/230630.993:ERROR:process_memory_win.cc(73)] ReadMemory at 0x7a988a000 of 6024 bytes failed: Only part of a ReadProcessMemory or WriteProcessMemory request was completed. (0x12B)
[0827/230630.993:ERROR:process_memory_win.cc(73)] ReadMemory at 0x7a988e000 of 6024 bytes failed: Only part of a ReadProcessMemory or WriteProcessMemory request was completed. (0x12B)
[0827/230630.993:ERROR:process_memory_win.cc(73)] ReadMemory at 0x7a9890000 of 6024 bytes failed: Only part of a ReadProcessMemory or WriteProcessMemory request was completed. (0x12B)
[0827/230630.993:ERROR:process_memory_win.cc(73)] ReadMemory at 0x7a9892000 of 6024 bytes failed: Only part of a ReadProcessMemory or WriteProcessMemory request was completed. (0x12B)
[0827/230630.993:ERROR:process_memory_win.cc(73)] ReadMemory at 0x7a9894000 of 6024 bytes failed: Only part of a ReadProcessMemory or WriteProcessMemory request was completed. (0x12B)
[0827/230630.994:ERROR:process_memory_win.cc(73)] ReadMemory at 0x7a9896000 of 6024 bytes failed: Only part of a ReadProcessMemory or WriteProcessMemory request was completed. (0x12B)
[0827/230630.994:ERROR:process_memory_win.cc(73)] ReadMemory at 0x7a989a000 of 6024 bytes failed: Only part of a ReadProcessMemory or WriteProcessMemory request was completed. (0x12B)
[0827/230630.994:ERROR:process_memory_win.cc(73)] ReadMemory at 0x7a989c000 of 6024 bytes failed: Only part of a ReadProcessMemory or WriteProcessMemory request was completed. (0x12B)
[0827/230630.994:ERROR:process_memory_win.cc(73)] ReadMemory at 0x2005ad10fe0 of 3872 bytes failed: Only part of a ReadProcessMemory or WriteProcessMemory request was completed. (0x12B)
[0827/230630.994:ERROR:process_memory_win.cc(73)] ReadMemory at 0x2005ad11f10 of 1012 bytes failed: Only part of a ReadProcessMemory or WriteProcessMemory request was completed. (0x12B)
[0827/230630.994:ERROR:process_memory_win.cc(73)] ReadMemory at 0x2005ad12558 of 118 bytes failed: Only part of a ReadProcessMemory or WriteProcessMemory request was completed. (0x12B)
[0827/230630.994:ERROR:process_memory_win.cc(73)] ReadMemory at 0x2005ad125d0 of 1184 bytes failed: Only part of a ReadProcessMemory or WriteProcessMemory request was completed. (0x12B)
[0827/230630.994:ERROR:process_memory_win.cc(73)] ReadMemory at 0x2005ad12a72 of 118 bytes failed: Only part of a ReadProcessMemory or WriteProcessMemory request was completed. (0x12B)
[0827/230630.994:ERROR:process_memory_win.cc(73)] ReadMemory at 0x2005ad12aea of 100 bytes failed: Only part of a ReadProcessMemory or WriteProcessMemory request was completed. (0x12B)
[0827/230630.995:ERROR:process_memory_win.cc(73)] ReadMemory at 0x2005ad12b60 of 58 bytes failed: Only part of a ReadProcessMemory or WriteProcessMemory request was completed. (0x12B)
[0827/230630.995:ERROR:process_memory_win.cc(73)] ReadMemory at 0x2005ad12c60 of 132 bytes failed: Only part of a ReadProcessMemory or WriteProcessMemory request was completed. (0x12B)
[0827/230630.995:ERROR:process_memory_win.cc(73)] ReadMemory at 0x2005ad12df0 of 132 bytes failed: Only part of a ReadProcessMemory or WriteProcessMemory request was completed. (0x12B)
[0827/230630.995:ERROR:process_memory_win.cc(73)] ReadMemory at 0x2005ad12fb0 of 126 bytes failed: Only part of a ReadProcessMemory or WriteProcessMemory request was completed. (0x12B)
[0827/230630.995:ERROR:process_memory_win.cc(73)] ReadMemory at 0x2005ad13390 of 132 bytes failed: Only part of a ReadProcessMemory or WriteProcessMemory request was completed. (0x12B)
[0827/230630.995:ERROR:process_memory_win.cc(73)] ReadMemory at 0x2005ad13520 of 64 bytes failed: Only part of a ReadProcessMemory or WriteProcessMemory request was completed. (0x12B)
[0827/230630.995:ERROR:process_memory_win.cc(73)] ReadMemory at 0x2005ad136e0 of 132 bytes failed: Only part of a ReadProcessMemory or WriteProcessMemory request was completed. (0x12B)
[0827/230630.995:ERROR:process_memory_win.cc(73)] ReadMemory at 0x2005ad139a0 of 132 bytes failed: Only part of a ReadProcessMemory or WriteProcessMemory request was completed. (0x12B)
[0827/230630.995:ERROR:process_memory_win.cc(73)] ReadMemory at 0x2005ad13b30 of 68 bytes failed: Only part of a ReadProcessMemory or WriteProcessMemory request was completed. (0x12B)
[0827/230630.996:ERROR:process_memory_win.cc(73)] ReadMemory at 0x2005ad14cd0 of 132 bytes failed: Only part of a ReadProcessMemory or WriteProcessMemory request was completed. (0x12B)
[0827/230630.996:ERROR:process_memory_win.cc(73)] ReadMemory at 0x2005ad14e00 of 154 bytes failed: Only part of a ReadProcessMemory or WriteProcessMemory request was completed. (0x12B)
[0827/230630.996:ERROR:process_memory_win.cc(73)] ReadMemory at 0x2005ad15bd0 of 60 bytes failed: Only part of a ReadProcessMemory or WriteProcessMemory request was completed. (0x12B)
[0827/230630.996:ERROR:process_memory_win.cc(73)] ReadMemory at 0x2005ad15c70 of 62 bytes failed: Only part of a ReadProcessMemory or WriteProcessMemory request was completed. (0x12B)
[0827/230630.996:ERROR:process_memory_win.cc(73)] ReadMemory at 0x2005ad162f0 of 132 bytes failed: Only part of a ReadProcessMemory or WriteProcessMemory request was completed. (0x12B)
[0827/230630.996:ERROR:process_memory_win.cc(73)] ReadMemory at 0x2005ad1e360 of 60 bytes failed: Only part of a ReadProcessMemory or WriteProcessMemory request was completed. (0x12B)
[0827/230630.996:ERROR:process_memory_win.cc(73)] ReadMemory at 0x2005ad229c0 of 146 bytes failed: Only part of a ReadProcessMemory or WriteProcessMemory request was completed. (0x12B)
[0827/230630.997:ERROR:process_memory_win.cc(73)] ReadMemory at 0x2005ad23740 of 80 bytes failed: Only part of a ReadProcessMemory or WriteProcessMemory request was completed. (0x12B)
[0827/230630.997:ERROR:process_memory_win.cc(73)] ReadMemory at 0x2005ad23830 of 132 bytes failed: Only part of a ReadProcessMemory or WriteProcessMemory request was completed. (0x12B)
[0827/230630.997:ERROR:process_memory_win.cc(73)] ReadMemory at 0x2005ad23960 of 132 bytes failed: Only part of a ReadProcessMemory or WriteProcessMemory request was completed. (0x12B)
[0827/230630.997:ERROR:process_memory_win.cc(73)] ReadMemory at 0x2005ad23a90 of 132 bytes failed: Only part of a ReadProcessMemory or WriteProcessMemory request was completed. (0x12B)
[0827/230630.997:ERROR:process_memory_win.cc(73)] ReadMemory at 0x2005ad23bc0 of 132 bytes failed: Only part of a ReadProcessMemory or WriteProcessMemory request was completed. (0x12B)
[0827/230630.997:ERROR:process_memory_win.cc(73)] ReadMemory at 0x2005ad23e20 of 132 bytes failed: Only part of a ReadProcessMemory or WriteProcessMemory request was completed. (0x12B)
[0827/230630.997:ERROR:process_memory_win.cc(73)] ReadMemory at 0x2005ad23f50 of 132 bytes failed: Only part of a ReadProcessMemory or WriteProcessMemory request was completed. (0x12B)
[0827/230630.998:ERROR:process_memory_win.cc(73)] ReadMemory at 0x2005ad24080 of 132 bytes failed: Only part of a ReadProcessMemory or WriteProcessMemory request was completed. (0x12B)
[0827/230630.998:ERROR:process_memory_win.cc(73)] ReadMemory at 0x2005ad241b0 of 132 bytes failed: Only part of a ReadProcessMemory or WriteProcessMemory request was completed. (0x12B)
[0827/230630.998:ERROR:process_memory_win.cc(73)] ReadMemory at 0x2005ad242e0 of 132 bytes failed: Only part of a ReadProcessMemory or WriteProcessMemory request was completed. (0x12B)
[0827/230630.998:ERROR:process_memory_win.cc(73)] ReadMemory at 0x2005ad24410 of 132 bytes failed: Only part of a ReadProcessMemory or WriteProcessMemory request was completed. (0x12B)
[0827/230630.998:ERROR:process_memory_win.cc(73)] ReadMemory at 0x2005ad24540 of 132 bytes failed: Only part of a ReadProcessMemory or WriteProcessMemory request was completed. (0x12B)
[0827/230630.998:ERROR:process_memory_win.cc(73)] ReadMemory at 0x2005ad24670 of 132 bytes failed: Only part of a ReadProcessMemory or WriteProcessMemory request was completed. (0x12B)
[0827/230630.999:ERROR:process_memory_win.cc(73)] ReadMemory at 0x2005ad25380 of 78 bytes failed: Only part of a ReadProcessMemory or WriteProcessMemory request was completed. (0x12B)
[0827/230630.999:ERROR:process_memory_win.cc(73)] ReadMemory at 0x2005ad26610 of 132 bytes failed: Only part of a ReadProcessMemory or WriteProcessMemory request was completed. (0x12B)
[0827/230630.999:ERROR:process_memory_win.cc(73)] ReadMemory at 0x2005ad26fb0 of 132 bytes failed: Only part of a ReadProcessMemory or WriteProcessMemory request was completed. (0x12B)
[0827/230630.999:ERROR:process_memory_win.cc(73)] ReadMemory at 0x2005ad28470 of 132 bytes failed: Only part of a ReadProcessMemory or WriteProcessMemory request was completed. (0x12B)
[0827/230630.999:ERROR:process_memory_win.cc(73)] ReadMemory at 0x2005ad2a060 of 132 bytes failed: Only part of a ReadProcessMemory or WriteProcessMemory request was completed. (0x12B)
[0827/230630.999:ERROR:process_memory_win.cc(73)] ReadMemory at 0x2005ad2b400 of 60 bytes failed: Only part of a ReadProcessMemory or WriteProcessMemory request was completed. (0x12B)
[0827/230630.999:ERROR:process_memory_win.cc(73)] ReadMemory at 0x2005ad2b4a0 of 62 bytes failed: Only part of a ReadProcessMemory or WriteProcessMemory request was completed. (0x12B)
[0827/230631.000:ERROR:process_memory_win.cc(73)] ReadMemory at 0x2005ad2b5e0 of 64 bytes failed: Only part of a ReadProcessMemory or WriteProcessMemory request was completed. (0x12B)
[0827/230631.000:ERROR:process_memory_win.cc(73)] ReadMemory at 0x2005ad2b630 of 64 bytes failed: Only part of a ReadProcessMemory or WriteProcessMemory request was completed. (0x12B)
[0827/230631.000:ERROR:process_memory_win.cc(73)] ReadMemory at 0x2005ad2b720 of 60 bytes failed: Only part of a ReadProcessMemory or WriteProcessMemory request was completed. (0x12B)
[0827/230631.000:ERROR:process_memory_win.cc(73)] ReadMemory at 0x2005ad2b7c0 of 66 bytes failed: Only part of a ReadProcessMemory or WriteProcessMemory request was completed. (0x12B)
[0827/230631.000:ERROR:process_memory_win.cc(73)] ReadMemory at 0x2005ad2b810 of 64 bytes failed: Only part of a ReadProcessMemory or WriteProcessMemory request was completed. (0x12B)
[0827/230631.000:ERROR:process_memory_win.cc(73)] ReadMemory at 0x2005ad2b860 of 64 bytes failed: Only part of a ReadProcessMemory or WriteProcessMemory request was completed. (0x12B)
[0827/230631.001:ERROR:process_memory_win.cc(73)] ReadMemory at 0x2005ad2b950 of 62 bytes failed: Only part of a ReadProcessMemory or WriteProcessMemory request was completed. (0x12B)
[0827/230631.001:ERROR:process_memory_win.cc(73)] ReadMemory at 0x2005ad2b9a0 of 62 bytes failed: Only part of a ReadProcessMemory or WriteProcessMemory request was completed. (0x12B)
[0827/230631.001:ERROR:process_memory_win.cc(73)] ReadMemory at 0x2005ad2ba90 of 62 bytes failed: Only part of a ReadProcessMemory or WriteProcessMemory request was completed. (0x12B)
[0827/230631.001:ERROR:process_memory_win.cc(73)] ReadMemory at 0x2005ad2bc20 of 60 bytes failed: Only part of a ReadProcessMemory or WriteProcessMemory request was completed. (0x12B)
[0827/230631.001:ERROR:process_memory_win.cc(73)] ReadMemory at 0x2005ad2bc70 of 64 bytes failed: Only part of a ReadProcessMemory or WriteProcessMemory request was completed. (0x12B)
[0827/230631.001:ERROR:process_memory_win.cc(73)] ReadMemory at 0x2005ad2bd10 of 62 bytes failed: Only part of a ReadProcessMemory or WriteProcessMemory request was completed. (0x12B)
[0827/230631.001:ERROR:process_memory_win.cc(73)] ReadMemory at 0x2005ad2bd60 of 64 bytes failed: Only part of a ReadProcessMemory or WriteProcessMemory request was completed. (0x12B)
[0827/230631.001:ERROR:process_memory_win.cc(73)] ReadMemory at 0x2005ad2bdb0 of 58 bytes failed: Only part of a ReadProcessMemory or WriteProcessMemory request was completed. (0x12B)
[0827/230631.002:ERROR:process_memory_win.cc(73)] ReadMemory at 0x2005ad2c080 of 62 bytes failed: Only part of a ReadProcessMemory or WriteProcessMemory request was completed. (0x12B)
[0827/230631.002:ERROR:process_memory_win.cc(73)] ReadMemory at 0x2005ad2c0d0 of 62 bytes failed: Only part of a ReadProcessMemory or WriteProcessMemory request was completed. (0x12B)
[0827/230631.002:ERROR:process_memory_win.cc(73)] ReadMemory at 0x2005ad2c120 of 62 bytes failed: Only part of a ReadProcessMemory or WriteProcessMemory request was completed. (0x12B)
[0827/230631.002:ERROR:process_memory_win.cc(73)] ReadMemory at 0x2005ad2c210 of 62 bytes failed: Only part of a ReadProcessMemory or WriteProcessMemory request was completed. (0x12B)
[0827/230631.002:ERROR:process_memory_win.cc(73)] ReadMemory at 0x2005ad2c2b0 of 64 bytes failed: Only part of a ReadProcessMemory or WriteProcessMemory request was completed. (0x12B)
[0827/230631.002:ERROR:process_memory_win.cc(73)] ReadMemory at 0x2005ad2c4b0 of 132 bytes failed: Only part of a ReadProcessMemory or WriteProcessMemory request was completed. (0x12B)
[0827/230631.002:ERROR:process_memory_win.cc(73)] ReadMemory at 0x2005ad2ceb0 of 80 bytes failed: Only part of a ReadProcessMemory or WriteProcessMemory request was completed. (0x12B)
[0827/230631.002:ERROR:process_memory_win.cc(73)] ReadMemory at 0x2005ad2fca0 of 132 bytes failed: Only part of a ReadProcessMemory or WriteProcessMemory request was completed. (0x12B)
[0827/230631.002:ERROR:process_memory_win.cc(73)] ReadMemory at 0x2005ad2fec0 of 132 bytes failed: Only part of a ReadProcessMemory or WriteProcessMemory request was completed. (0x12B)
[0827/230631.003:ERROR:process_memory_win.cc(73)] ReadMemory at 0x2005ad30210 of 132 bytes failed: Only part of a ReadProcessMemory or WriteProcessMemory request was completed. (0x12B)
[0827/230631.003:ERROR:process_memory_win.cc(73)] ReadMemory at 0x2005ad30420 of 132 bytes failed: Only part of a ReadProcessMemory or WriteProcessMemory request was completed. (0x12B)
[0827/230631.003:ERROR:process_memory_win.cc(73)] ReadMemory at 0x2005ad30f80 of 132 bytes failed: Only part of a ReadProcessMemory or WriteProcessMemory request was completed. (0x12B)
[0827/230631.003:ERROR:process_memory_win.cc(73)] ReadMemory at 0x2005ad310b0 of 132 bytes failed: Only part of a ReadProcessMemory or WriteProcessMemory request was completed. (0x12B)
[0827/230631.003:ERROR:process_memory_win.cc(73)] ReadMemory at 0x2005ad311e0 of 132 bytes failed: Only part of a ReadProcessMemory or WriteProcessMemory request was completed. (0x12B)
[0827/230631.003:ERROR:process_memory_win.cc(73)] ReadMemory at 0x2005ad317d0 of 132 bytes failed: Only part of a ReadProcessMemory or WriteProcessMemory request was completed. (0x12B)
[0827/230631.003:ERROR:process_memory_win.cc(73)] ReadMemory at 0x2005ad31900 of 132 bytes failed: Only part of a ReadProcessMemory or WriteProcessMemory request was completed. (0x12B)
[0827/230631.003:ERROR:process_memory_win.cc(73)] ReadMemory at 0x2005ad31a30 of 132 bytes failed: Only part of a ReadProcessMemory or WriteProcessMemory request was completed. (0x12B)
[0827/230631.003:ERROR:process_memory_win.cc(73)] ReadMemory at 0x2005ad31b60 of 132 bytes failed: Only part of a ReadProcessMemory or WriteProcessMemory request was completed. (0x12B)
[0827/230631.004:ERROR:process_memory_win.cc(73)] ReadMemory at 0x2005ad31c90 of 132 bytes failed: Only part of a ReadProcessMemory or WriteProcessMemory request was completed. (0x12B)
[0827/230631.004:ERROR:process_memory_win.cc(73)] ReadMemory at 0x2005ad31dc0 of 132 bytes failed: Only part of a ReadProcessMemory or WriteProcessMemory request was completed. (0x12B)
[0827/230631.004:ERROR:process_memory_win.cc(73)] ReadMemory at 0x2005ad31ef0 of 132 bytes failed: Only part of a ReadProcessMemory or WriteProcessMemory request was completed. (0x12B)
[0827/230631.004:ERROR:process_memory_win.cc(73)] ReadMemory at 0x2005ad32020 of 132 bytes failed: Only part of a ReadProcessMemory or WriteProcessMemory request was completed. (0x12B)
[0827/230631.004:ERROR:process_memory_win.cc(73)] ReadMemory at 0x2005ad32280 of 132 bytes failed: Only part of a ReadProcessMemory or WriteProcessMemory request was completed. (0x12B)
[0827/230631.004:ERROR:process_memory_win.cc(73)] ReadMemory at 0x2005ad32610 of 132 bytes failed: Only part of a ReadProcessMemory or WriteProcessMemory request was completed. (0x12B)
[0827/230631.004:ERROR:process_memory_win.cc(73)] ReadMemory at 0x2005ad32740 of 132 bytes failed: Only part of a ReadProcessMemory or WriteProcessMemory request was completed. (0x12B)
[0827/230631.004:ERROR:process_memory_win.cc(73)] ReadMemory at 0x2005ad32ad0 of 132 bytes failed: Only part of a ReadProcessMemory or WriteProcessMemory request was completed. (0x12B)
[0827/230631.004:ERROR:process_memory_win.cc(73)] ReadMemory at 0x2005ad59cd0 of 62 bytes failed: Only part of a ReadProcessMemory or WriteProcessMemory request was completed. (0x12B)
[0827/230631.005:ERROR:process_memory_win.cc(73)] ReadMemory at 0x2005ad59d70 of 56 bytes failed: Only part of a ReadProcessMemory or WriteProcessMemory request was completed. (0x12B)
[0827/230631.005:ERROR:process_memory_win.cc(73)] ReadMemory at 0x2005ad59e60 of 62 bytes failed: Only part of a ReadProcessMemory or WriteProcessMemory request was completed. (0x12B)
[0827/230631.005:ERROR:process_memory_win.cc(73)] ReadMemory at 0x2005ad5a0e0 of 58 bytes failed: Only part of a ReadProcessMemory or WriteProcessMemory request was completed. (0x12B)
[0827/230631.005:ERROR:process_memory_win.cc(73)] ReadMemory at 0x2005ad5a130 of 66 bytes failed: Only part of a ReadProcessMemory or WriteProcessMemory request was completed. (0x12B)
[0827/230631.005:ERROR:process_memory_win.cc(73)] ReadMemory at 0x2005ad5a4f0 of 58 bytes failed: Only part of a ReadProcessMemory or WriteProcessMemory request was completed. (0x12B)
[0827/230631.005:ERROR:process_memory_win.cc(73)] ReadMemory at 0x2005ad5a540 of 60 bytes failed: Only part of a ReadProcessMemory or WriteProcessMemory request was completed. (0x12B)
[0827/230631.005:ERROR:process_memory_win.cc(73)] ReadMemory at 0x2005ad5a680 of 60 bytes failed: Only part of a ReadProcessMemory or WriteProcessMemory request was completed. (0x12B)
[0827/230631.005:ERROR:process_memory_win.cc(73)] ReadMemory at 0x2005ad5a900 of 62 bytes failed: Only part of a ReadProcessMemory or WriteProcessMemory request was completed. (0x12B)
[0827/230631.005:ERROR:process_memory_win.cc(73)] ReadMemory at 0x2005ad5a950 of 60 bytes failed: Only part of a ReadProcessMemory or WriteProcessMemory request was completed. (0x12B)
[0827/230631.005:ERROR:process_memory_win.cc(73)] ReadMemory at 0x2005ad87258 of 512 bytes failed: Only part of a ReadProcessMemory or WriteProcessMemory request was completed. (0x12B)
[0827/230631.006:ERROR:process_memory_win.cc(73)] ReadMemory at 0x2005ad881e0 of 512 bytes failed: Only part of a ReadProcessMemory or WriteProcessMemory request was completed. (0x12B)
[0827/230631.006:ERROR:process_memory_win.cc(73)] ReadMemory at 0x2005ada2610 of 512 bytes failed: Only part of a ReadProcessMemory or WriteProcessMemory request was completed. (0x12B)
[0827/230631.006:ERROR:process_memory_win.cc(73)] ReadMemory at 0x2005ada6cd0 of 512 bytes failed: Only part of a ReadProcessMemory or WriteProcessMemory request was completed. (0x12B)
[0827/230631.006:ERROR:process_memory_win.cc(73)] ReadMemory at 0x2005ada7f50 of 512 bytes failed: Only part of a ReadProcessMemory or WriteProcessMemory request was completed. (0x12B)
[0827/230631.006:ERROR:process_memory_win.cc(73)] ReadMemory at 0x2005adb12f0 of 512 bytes failed: Only part of a ReadProcessMemory or WriteProcessMemory request was completed. (0x12B)
[0827/230631.006:ERROR:process_memory_win.cc(73)] ReadMemory at 0x2005adb7f50 of 712 bytes failed: Only part of a ReadProcessMemory or WriteProcessMemory request was completed. (0x12B)
[0827/230631.006:ERROR:process_memory_win.cc(73)] ReadMemory at 0x2005add1ce0 of 512 bytes failed: Only part of a ReadProcessMemory or WriteProcessMemory request was completed. (0x12B)
[0827/230631.006:ERROR:process_memory_win.cc(73)] ReadMemory at 0x2005c8d0000 of 384 bytes failed: Only part of a ReadProcessMemory or WriteProcessMemory request was completed. (0x12B)
[0827/230631.006:ERROR:process_memory_win.cc(73)] ReadMemory at 0x2005c8d3ef0 of 512 bytes failed: Only part of a ReadProcessMemory or WriteProcessMemory request was completed. (0x12B)
[0827/230631.007:ERROR:process_memory_win.cc(73)] ReadMemory at 0x2005c99d530 of 512 bytes failed: Only part of a ReadProcessMemory or WriteProcessMemory request was completed. (0x12B)
[0827/230631.007:ERROR:process_memory_win.cc(73)] ReadMemory at 0x2005cb2db30 of 512 bytes failed: Only part of a ReadProcessMemory or WriteProcessMemory request was completed. (0x12B)
[0827/230631.007:ERROR:process_memory_win.cc(73)] ReadMemory at 0x2005ce45e90 of 512 bytes failed: Only part of a ReadProcessMemory or WriteProcessMemory request was completed. (0x12B)
[0827/230631.007:ERROR:process_memory_win.cc(73)] ReadMemory at 0x2005ef7e710 of 512 bytes failed: Only part of a ReadProcessMemory or WriteProcessMemory request was completed. (0x12B)
[0827/230631.007:ERROR:process_memory_win.cc(73)] ReadMemory at 0x2005efe1260 of 512 bytes failed: Only part of a ReadProcessMemory or WriteProcessMemory request was completed. (0x12B)
[0827/230631.007:ERROR:process_memory_win.cc(73)] ReadMemory at 0x2005f04f080 of 512 bytes failed: Only part of a ReadProcessMemory or WriteProcessMemory request was completed. (0x12B)
[0827/230631.008:ERROR:process_memory_win.cc(73)] ReadMemory at 0x2005f2bce60 of 512 bytes failed: Only part of a ReadProcessMemory or WriteProcessMemory request was completed. (0x12B)
[0827/230631.008:ERROR:process_memory_win.cc(73)] ReadMemory at 0x2005f35bdb0 of 512 bytes failed: Only part of a ReadProcessMemory or WriteProcessMemory request was completed. (0x12B)
[0827/230631.008:ERROR:process_memory_win.cc(73)] ReadMemory at 0x11a608e68f7c of 712 bytes failed: Only part of a ReadProcessMemory or WriteProcessMemory request was completed. (0x12B)
[0827/230631.008:ERROR:process_memory_win.cc(73)] ReadMemory at 0x7ffb83389820 of 512 bytes failed: Only part of a ReadProcessMemory or WriteProcessMemory request was completed. (0x12B)
[0827/230631.008:ERROR:process_memory_win.cc(73)] ReadMemory at 0x7ffb856ff6e4 of 512 bytes failed: Only part of a ReadProcessMemory or WriteProcessMemory request was completed. (0x12B)
[0827/230631.008:ERROR:process_memory_win.cc(73)] ReadMemory at 0x7ffb8a1c43ae of 512 bytes failed: Only part of a ReadProcessMemory or WriteProcessMemory request was completed. (0x12B)
[0827/230631.008:ERROR:process_memory_win.cc(73)] ReadMemory at 0x7ffbd3d93dc9 of 512 bytes failed: Only part of a ReadProcessMemory or WriteProcessMemory request was completed. (0x12B)
[0827/230631.008:ERROR:process_memory_win.cc(73)] ReadMemory at 0x7ffbd3e7b650 of 512 bytes failed: Only part of a ReadProcessMemory or WriteProcessMemory request was completed. (0x12B)
[0827/230631.009:ERROR:process_memory_win.cc(73)] ReadMemory at 0x7ffbd3ffc738 of 512 bytes failed: Only part of a ReadProcessMemory or WriteProcessMemory request was completed. (0x12B)
[0827/230631.009:ERROR:process_memory_win.cc(73)] ReadMemory at 0x7ffbd63b0000 of 384 bytes failed: Only part of a ReadProcessMemory or WriteProcessMemory request was completed. (0x12B)
[0827/230631.009:ERROR:process_memory_win.cc(73)] ReadMemory at 0x7ffbd643b5ae of 512 bytes failed: Only part of a ReadProcessMemory or WriteProcessMemory request was completed. (0x12B)
[0827/230631.009:ERROR:process_memory_win.cc(73)] ReadMemory at 0x7ffbd644bdc4 of 672 bytes failed: Only part of a ReadProcessMemory or WriteProcessMemory request was completed. (0x12B)
[0827/230631.009:ERROR:process_memory_win.cc(73)] ReadMemory at 0x7ffbd644c3c4 of 512 bytes failed: Only part of a ReadProcessMemory or WriteProcessMemory request was completed. (0x12B)
[0827/230631.009:ERROR:process_memory_win.cc(73)] ReadMemory at 0x7ffbd644f734 of 608 bytes failed: Only part of a ReadProcessMemory or WriteProcessMemory request was completed. (0x12B)
[0827/230631.009:ERROR:process_memory_win.cc(73)] ReadMemory at 0x7ffbd64e06e0 of 18 bytes failed: Only part of a ReadProcessMemory or WriteProcessMemory request was completed. (0x12B)
[0827/230631.009:ERROR:process_memory_win.cc(73)] ReadMemory at 0x7ffbd64f61ec of 512 bytes failed: Only part of a ReadProcessMemory or WriteProcessMemory request was completed. (0x12B)
[0827/230631.010:ERROR:process_memory_win.cc(73)] ReadMemory at 0x7ffbd65144f8 of 40 bytes failed: Only part of a ReadProcessMemory or WriteProcessMemory request was completed. (0x12B)
[0827/230631.010:ERROR:process_memory_win.cc(73)] ReadMemory at 0x7ffbd6514978 of 48 bytes failed: Only part of a ReadProcessMemory or WriteProcessMemory request was completed. (0x12B)
[0827/230631.010:ERROR:process_memory_win.cc(73)] ReadMemory at 0x7ffbd651a4c0 of 64 bytes failed: Only part of a ReadProcessMemory or WriteProcessMemory request was completed. (0x12B)
[0827/230631.014:ERROR:scoped_process_suspend.cc(40)] NtResumeProcess: An attempt was made to access an exiting process. (0xc000010a)
[0827/231035.173:ERROR:process_memory_win.cc(73)] ReadMemory at 0x29d6220e5e0 of 72 bytes failed: Only part of a ReadProcessMemory or WriteProcessMemory request was completed. (0x12B)
[0827/231035.174:WARNING:pe_image_annotations_reader.cc(134)] could not read annotations list object in C:\Program Files (x86)\Google\Chrome\Application\84.0.4147.135\chrome_elf.dll
[0827/231035.174:ERROR:process_memory_win.cc(73)] ReadMemory at 0x29d6224a900 of 72 bytes failed: Only part of a ReadProcessMemory or WriteProcessMemory request was completed. (0x12B)
[0827/231035.174:WARNING:pe_image_annotations_reader.cc(134)] could not read annotations list object in C:\Program Files (x86)\Google\Chrome\Application\84.0.4147.135\chrome.dll
[0827/231035.176:ERROR:process_memory_win.cc(73)] ReadMemory at 0x29d6220e5e0 of 72 bytes failed: Only part of a ReadProcessMemory or WriteProcessMemory request was completed. (0x12B)
[0827/231035.176:WARNING:pe_image_annotations_reader.cc(134)] could not read annotations list object in C:\Program Files (x86)\Google\Chrome\Application\84.0.4147.135\chrome_elf.dll
[0827/231035.176:ERROR:process_memory_win.cc(73)] ReadMemory at 0x29d6224a900 of 72 bytes failed: Only part of a ReadProcessMemory or WriteProcessMemory request was completed. (0x12B)
[0827/231035.176:WARNING:pe_image_annotations_reader.cc(134)] could not read annotations list object in C:\Program Files (x86)\Google\Chrome\Application\84.0.4147.135\chrome.dll
[0827/231035.207:ERROR:process_memory_win.cc(73)] ReadMemory at 0xdfa89e4000 of 114688 bytes failed: Only part of a ReadProcessMemory or WriteProcessMemory request was completed. (0x12B)
[0827/231035.207:ERROR:process_memory_win.cc(73)] ReadMemory at 0xdfa91fd000 of 12288 bytes failed: Only part of a ReadProcessMemory or WriteProcessMemory request was completed. (0x12B)
[0827/231035.207:ERROR:process_memory_win.cc(73)] ReadMemory at 0xdfa99f7000 of 36864 bytes failed: Only part of a ReadProcessMemory or WriteProcessMemory request was completed. (0x12B)
[0827/231035.208:ERROR:process_memory_win.cc(73)] ReadMemory at 0xdfaa1fc000 of 16384 bytes failed: Only part of a ReadProcessMemory or WriteProcessMemory request was completed. (0x12B)
[0827/231035.209:ERROR:process_memory_win.cc(73)] ReadMemory at 0xdfaa9fb000 of 20480 bytes failed: Only part of a ReadProcessMemory or WriteProcessMemory request was completed. (0x12B)
[0827/231035.209:ERROR:process_memory_win.cc(73)] ReadMemory at 0xdfab1ff000 of 4096 bytes failed: Only part of a ReadProcessMemory or WriteProcessMemory request was completed. (0x12B)
[0827/231035.209:ERROR:process_memory_win.cc(73)] ReadMemory at 0xdfab9fc000 of 16384 bytes failed: Only part of a ReadProcessMemory or WriteProcessMemory request was completed. (0x12B)
[0827/231035.209:ERROR:process_memory_win.cc(73)] ReadMemory at 0xdfac1fb000 of 20480 bytes failed: Only part of a ReadProcessMemory or WriteProcessMemory request was completed. (0x12B)
[0827/231035.210:ERROR:process_memory_win.cc(73)] ReadMemory at 0xdfad1fd000 of 12288 bytes failed: Only part of a ReadProcessMemory or WriteProcessMemory request was completed. (0x12B)
[0827/231035.210:ERROR:process_memory_win.cc(73)] ReadMemory at 0xdfad9fa000 of 24576 bytes failed: Only part of a ReadProcessMemory or WriteProcessMemory request was completed. (0x12B)
[0827/231035.210:ERROR:process_memory_win.cc(73)] ReadMemory at 0xdfae1fa000 of 24576 bytes failed: Only part of a ReadProcessMemory or WriteProcessMemory request was completed. (0x12B)
[0827/231035.210:ERROR:process_memory_win.cc(73)] ReadMemory at 0xdfae9fc000 of 16384 bytes failed: Only part of a ReadProcessMemory or WriteProcessMemory request was completed. (0x12B)
[0827/231035.210:ERROR:process_memory_win.cc(73)] ReadMemory at 0xdfaf9f7000 of 36864 bytes failed: Only part of a ReadProcessMemory or WriteProcessMemory request was completed. (0x12B)
[0827/231035.210:ERROR:process_memory_win.cc(73)] ReadMemory at 0xdfac9fd000 of 12288 bytes failed: Only part of a ReadProcessMemory or WriteProcessMemory request was completed. (0x12B)
[0827/231035.210:ERROR:process_memory_win.cc(73)] ReadMemory at 0xdfaf1fd000 of 12288 bytes failed: Only part of a ReadProcessMemory or WriteProcessMemory request was completed. (0x12B)
[0827/231035.211:ERROR:process_memory_win.cc(73)] ReadMemory at 0xdfa80de000 of 852 bytes failed: Only part of a ReadProcessMemory or WriteProcessMemory request was completed. (0x12B)
[0827/231035.211:ERROR:process_memory_win.cc(73)] ReadMemory at 0xdfa80df000 of 6024 bytes failed: Only part of a ReadProcessMemory or WriteProcessMemory request was completed. (0x12B)
[0827/231035.211:ERROR:process_memory_win.cc(73)] ReadMemory at 0xdfa80e1000 of 6024 bytes failed: Only part of a ReadProcessMemory or WriteProcessMemory request was completed. (0x12B)
[0827/231035.211:ERROR:process_memory_win.cc(73)] ReadMemory at 0xdfa80e3000 of 6024 bytes failed: Only part of a ReadProcessMemory or WriteProcessMemory request was completed. (0x12B)
[0827/231035.211:ERROR:process_memory_win.cc(73)] ReadMemory at 0xdfa80e5000 of 6024 bytes failed: Only part of a ReadProcessMemory or WriteProcessMemory request was completed. (0x12B)
[0827/231035.211:ERROR:process_memory_win.cc(73)] ReadMemory at 0xdfa80e7000 of 6024 bytes failed: Only part of a ReadProcessMemory or WriteProcessMemory request was completed. (0x12B)
[0827/231035.212:ERROR:process_memory_win.cc(73)] ReadMemory at 0xdfa80e9000 of 6024 bytes failed: Only part of a ReadProcessMemory or WriteProcessMemory request was completed. (0x12B)
[0827/231035.212:ERROR:process_memory_win.cc(73)] ReadMemory at 0xdfa80eb000 of 6024 bytes failed: Only part of a ReadProcessMemory or WriteProcessMemory request was completed. (0x12B)
[0827/231035.213:ERROR:process_memory_win.cc(73)] ReadMemory at 0xdfa80ed000 of 6024 bytes failed: Only part of a ReadProcessMemory or WriteProcessMemory request was completed. (0x12B)
[0827/231035.213:ERROR:process_memory_win.cc(73)] ReadMemory at 0xdfa80f1000 of 6024 bytes failed: Only part of a ReadProcessMemory or WriteProcessMemory request was completed. (0x12B)
[0827/231035.213:ERROR:process_memory_win.cc(73)] ReadMemory at 0xdfa80f3000 of 6024 bytes failed: Only part of a ReadProcessMemory or WriteProcessMemory request was completed. (0x12B)
[0827/231035.213:ERROR:process_memory_win.cc(73)] ReadMemory at 0xdfa80f5000 of 6024 bytes failed: Only part of a ReadProcessMemory or WriteProcessMemory request was completed. (0x12B)
[0827/231035.214:ERROR:process_memory_win.cc(73)] ReadMemory at 0xdfa80f7000 of 6024 bytes failed: Only part of a ReadProcessMemory or WriteProcessMemory request was completed. (0x12B)
[0827/231035.214:ERROR:process_memory_win.cc(73)] ReadMemory at 0xdfa80fb000 of 6024 bytes failed: Only part of a ReadProcessMemory or WriteProcessMemory request was completed. (0x12B)
[0827/231035.214:ERROR:process_memory_win.cc(73)] ReadMemory at 0xdfa80fd000 of 6024 bytes failed: Only part of a ReadProcessMemory or WriteProcessMemory request was completed. (0x12B)
[0827/231035.215:ERROR:process_memory_win.cc(73)] ReadMemory at 0xdfa8101000 of 6024 bytes failed: Only part of a ReadProcessMemory or WriteProcessMemory request was completed. (0x12B)
[0827/231035.215:ERROR:process_memory_win.cc(73)] ReadMemory at 0x29d62200fe0 of 3872 bytes failed: Only part of a ReadProcessMemory or WriteProcessMemory request was completed. (0x12B)
[0827/231035.215:ERROR:process_memory_win.cc(73)] ReadMemory at 0x29d62201f10 of 1012 bytes failed: Only part of a ReadProcessMemory or WriteProcessMemory request was completed. (0x12B)
[0827/231035.215:ERROR:process_memory_win.cc(73)] ReadMemory at 0x29d62202558 of 118 bytes failed: Only part of a ReadProcessMemory or WriteProcessMemory request was completed. (0x12B)
[0827/231035.215:ERROR:process_memory_win.cc(73)] ReadMemory at 0x29d622025d0 of 1184 bytes failed: Only part of a ReadProcessMemory or WriteProcessMemory request was completed. (0x12B)
[0827/231035.216:ERROR:process_memory_win.cc(73)] ReadMemory at 0x29d62202a72 of 118 bytes failed: Only part of a ReadProcessMemory or WriteProcessMemory request was completed. (0x12B)
[0827/231035.217:ERROR:process_memory_win.cc(73)] ReadMemory at 0x29d62202aea of 100 bytes failed: Only part of a ReadProcessMemory or WriteProcessMemory request was completed. (0x12B)
[0827/231035.217:ERROR:process_memory_win.cc(73)] ReadMemory at 0x29d62202b60 of 58 bytes failed: Only part of a ReadProcessMemory or WriteProcessMemory request was completed. (0x12B)
[0827/231035.217:ERROR:process_memory_win.cc(73)] ReadMemory at 0x29d62202c60 of 132 bytes failed: Only part of a ReadProcessMemory or WriteProcessMemory request was completed. (0x12B)
[0827/231035.218:ERROR:process_memory_win.cc(73)] ReadMemory at 0x29d62202df0 of 132 bytes failed: Only part of a ReadProcessMemory or WriteProcessMemory request was completed. (0x12B)
[0827/231035.218:ERROR:process_memory_win.cc(73)] ReadMemory at 0x29d62202fb0 of 126 bytes failed: Only part of a ReadProcessMemory or WriteProcessMemory request was completed. (0x12B)
[0827/231035.218:ERROR:process_memory_win.cc(73)] ReadMemory at 0x29d62203390 of 132 bytes failed: Only part of a ReadProcessMemory or WriteProcessMemory request was completed. (0x12B)
[0827/231035.218:ERROR:process_memory_win.cc(73)] ReadMemory at 0x29d62203520 of 64 bytes failed: Only part of a ReadProcessMemory or WriteProcessMemory request was completed. (0x12B)
[0827/231035.218:ERROR:process_memory_win.cc(73)] ReadMemory at 0x29d622036e0 of 132 bytes failed: Only part of a ReadProcessMemory or WriteProcessMemory request was completed. (0x12B)
[0827/231035.218:ERROR:process_memory_win.cc(73)] ReadMemory at 0x29d622039a0 of 132 bytes failed: Only part of a ReadProcessMemory or WriteProcessMemory request was completed. (0x12B)
[0827/231035.218:ERROR:process_memory_win.cc(73)] ReadMemory at 0x29d62203b30 of 68 bytes failed: Only part of a ReadProcessMemory or WriteProcessMemory request was completed. (0x12B)
[0827/231035.218:ERROR:process_memory_win.cc(73)] ReadMemory at 0x29d62204cd0 of 132 bytes failed: Only part of a ReadProcessMemory or WriteProcessMemory request was completed. (0x12B)
[0827/231035.219:ERROR:process_memory_win.cc(73)] ReadMemory at 0x29d62204e00 of 154 bytes failed: Only part of a ReadProcessMemory or WriteProcessMemory request was completed. (0x12B)
[0827/231035.219:ERROR:process_memory_win.cc(73)] ReadMemory at 0x29d62205bd0 of 60 bytes failed: Only part of a ReadProcessMemory or WriteProcessMemory request was completed. (0x12B)
[0827/231035.219:ERROR:process_memory_win.cc(73)] ReadMemory at 0x29d62205c70 of 62 bytes failed: Only part of a ReadProcessMemory or WriteProcessMemory request was completed. (0x12B)
[0827/231035.219:ERROR:process_memory_win.cc(73)] ReadMemory at 0x29d622062f0 of 132 bytes failed: Only part of a ReadProcessMemory or WriteProcessMemory request was completed. (0x12B)
[0827/231035.219:ERROR:process_memory_win.cc(73)] ReadMemory at 0x29d6220e270 of 60 bytes failed: Only part of a ReadProcessMemory or WriteProcessMemory request was completed. (0x12B)
[0827/231035.219:ERROR:process_memory_win.cc(73)] ReadMemory at 0x29d622129c0 of 146 bytes failed: Only part of a ReadProcessMemory or WriteProcessMemory request was completed. (0x12B)
[0827/231035.219:ERROR:process_memory_win.cc(73)] ReadMemory at 0x29d622136e0 of 80 bytes failed: Only part of a ReadProcessMemory or WriteProcessMemory request was completed. (0x12B)
[0827/231035.219:ERROR:process_memory_win.cc(73)] ReadMemory at 0x29d62213830 of 132 bytes failed: Only part of a ReadProcessMemory or WriteProcessMemory request was completed. (0x12B)
[0827/231035.220:ERROR:process_memory_win.cc(73)] ReadMemory at 0x29d62213960 of 132 bytes failed: Only part of a ReadProcessMemory or WriteProcessMemory request was completed. (0x12B)
[0827/231035.220:ERROR:process_memory_win.cc(73)] ReadMemory at 0x29d62213a90 of 132 bytes failed: Only part of a ReadProcessMemory or WriteProcessMemory request was completed. (0x12B)
[0827/231035.220:ERROR:process_memory_win.cc(73)] ReadMemory at 0x29d62213bc0 of 132 bytes failed: Only part of a ReadProcessMemory or WriteProcessMemory request was completed. (0x12B)
[0827/231035.220:ERROR:process_memory_win.cc(73)] ReadMemory at 0x29d62213cf0 of 132 bytes failed: Only part of a ReadProcessMemory or WriteProcessMemory request was completed. (0x12B)
[0827/231035.220:ERROR:process_memory_win.cc(73)] ReadMemory at 0x29d62213e20 of 132 bytes failed: Only part of a ReadProcessMemory or WriteProcessMemory request was completed. (0x12B)
[0827/231035.220:ERROR:process_memory_win.cc(73)] ReadMemory at 0x29d62213f50 of 132 bytes failed: Only part of a ReadProcessMemory or WriteProcessMemory request was completed. (0x12B)
[0827/231035.220:ERROR:process_memory_win.cc(73)] ReadMemory at 0x29d62214080 of 132 bytes failed: Only part of a ReadProcessMemory or WriteProcessMemory request was completed. (0x12B)
[0827/231035.220:ERROR:process_memory_win.cc(73)] ReadMemory at 0x29d622141b0 of 132 bytes failed: Only part of a ReadProcessMemory or WriteProcessMemory request was completed. (0x12B)
[0827/231035.221:ERROR:process_memory_win.cc(73)] ReadMemory at 0x29d622142e0 of 132 bytes failed: Only part of a ReadProcessMemory or WriteProcessMemory request was completed. (0x12B)
[0827/231035.221:ERROR:process_memory_win.cc(73)] ReadMemory at 0x29d62214410 of 132 bytes failed: Only part of a ReadProcessMemory or WriteProcessMemory request was completed. (0x12B)
[0827/231035.222:ERROR:process_memory_win.cc(73)] ReadMemory at 0x29d62214540 of 132 bytes failed: Only part of a ReadProcessMemory or WriteProcessMemory request was completed. (0x12B)
[0827/231035.222:ERROR:process_memory_win.cc(73)] ReadMemory at 0x29d62215560 of 78 bytes failed: Only part of a ReadProcessMemory or WriteProcessMemory request was completed. (0x12B)
[0827/231035.222:ERROR:process_memory_win.cc(73)] ReadMemory at 0x29d62216610 of 132 bytes failed: Only part of a ReadProcessMemory or WriteProcessMemory request was completed. (0x12B)
[0827/231035.222:ERROR:process_memory_win.cc(73)] ReadMemory at 0x29d62216fb0 of 132 bytes failed: Only part of a ReadProcessMemory or WriteProcessMemory request was completed. (0x12B)
[0827/231035.223:ERROR:process_memory_win.cc(73)] ReadMemory at 0x29d62218470 of 132 bytes failed: Only part of a ReadProcessMemory or WriteProcessMemory request was completed. (0x12B)
[0827/231035.223:ERROR:process_memory_win.cc(73)] ReadMemory at 0x29d6221a060 of 132 bytes failed: Only part of a ReadProcessMemory or WriteProcessMemory request was completed. (0x12B)
[0827/231035.223:ERROR:process_memory_win.cc(73)] ReadMemory at 0x29d6221b4f0 of 64 bytes failed: Only part of a ReadProcessMemory or WriteProcessMemory request was completed. (0x12B)
[0827/231035.223:ERROR:process_memory_win.cc(73)] ReadMemory at 0x29d6221b630 of 62 bytes failed: Only part of a ReadProcessMemory or WriteProcessMemory request was completed. (0x12B)
[0827/231035.223:ERROR:process_memory_win.cc(73)] ReadMemory at 0x29d6221b720 of 64 bytes failed: Only part of a ReadProcessMemory or WriteProcessMemory request was completed. (0x12B)
[0827/231035.223:ERROR:process_memory_win.cc(73)] ReadMemory at 0x29d6221b7c0 of 62 bytes failed: Only part of a ReadProcessMemory or WriteProcessMemory request was completed. (0x12B)
[0827/231035.223:ERROR:process_memory_win.cc(73)] ReadMemory at 0x29d6221b810 of 64 bytes failed: Only part of a ReadProcessMemory or WriteProcessMemory request was completed. (0x12B)
[0827/231035.224:ERROR:process_memory_win.cc(73)] ReadMemory at 0x29d6221b900 of 62 bytes failed: Only part of a ReadProcessMemory or WriteProcessMemory request was completed. (0x12B)
[0827/231035.224:ERROR:process_memory_win.cc(73)] ReadMemory at 0x29d6221b950 of 58 bytes failed: Only part of a ReadProcessMemory or WriteProcessMemory request was completed. (0x12B)
[0827/231035.224:ERROR:process_memory_win.cc(73)] ReadMemory at 0x29d6221ba90 of 64 bytes failed: Only part of a ReadProcessMemory or WriteProcessMemory request was completed. (0x12B)
[0827/231035.224:ERROR:process_memory_win.cc(73)] ReadMemory at 0x29d6221bae0 of 60 bytes failed: Only part of a ReadProcessMemory or WriteProcessMemory request was completed. (0x12B)
[0827/231035.224:ERROR:process_memory_win.cc(73)] ReadMemory at 0x29d6221bb30 of 62 bytes failed: Only part of a ReadProcessMemory or WriteProcessMemory request was completed. (0x12B)
[0827/231035.225:ERROR:process_memory_win.cc(73)] ReadMemory at 0x29d6221bc20 of 62 bytes failed: Only part of a ReadProcessMemory or WriteProcessMemory request was completed. (0x12B)
[0827/231035.225:ERROR:process_memory_win.cc(73)] ReadMemory at 0x29d6221bd10 of 62 bytes failed: Only part of a ReadProcessMemory or WriteProcessMemory request was completed. (0x12B)
[0827/231035.225:ERROR:process_memory_win.cc(73)] ReadMemory at 0x29d6221bd60 of 60 bytes failed: Only part of a ReadProcessMemory or WriteProcessMemory request was completed. (0x12B)
[0827/231035.225:ERROR:process_memory_win.cc(73)] ReadMemory at 0x29d6221bea0 of 66 bytes failed: Only part of a ReadProcessMemory or WriteProcessMemory request was completed. (0x12B)
[0827/231035.225:ERROR:process_memory_win.cc(73)] ReadMemory at 0x29d6221bef0 of 64 bytes failed: Only part of a ReadProcessMemory or WriteProcessMemory request was completed. (0x12B)
[0827/231035.225:ERROR:process_memory_win.cc(73)] ReadMemory at 0x29d6221bf90 of 62 bytes failed: Only part of a ReadProcessMemory or WriteProcessMemory request was completed. (0x12B)
[0827/231035.225:ERROR:process_memory_win.cc(73)] ReadMemory at 0x29d6221bfe0 of 64 bytes failed: Only part of a ReadProcessMemory or WriteProcessMemory request was completed. (0x12B)
[0827/231035.225:ERROR:process_memory_win.cc(73)] ReadMemory at 0x29d6221c170 of 62 bytes failed: Only part of a ReadProcessMemory or WriteProcessMemory request was completed. (0x12B)
[0827/231035.226:ERROR:process_memory_win.cc(73)] ReadMemory at 0x29d6221c210 of 60 bytes failed: Only part of a ReadProcessMemory or WriteProcessMemory request was completed. (0x12B)
[0827/231035.226:ERROR:process_memory_win.cc(73)] ReadMemory at 0x29d6221c260 of 64 bytes failed: Only part of a ReadProcessMemory or WriteProcessMemory request was completed. (0x12B)
[0827/231035.226:ERROR:process_memory_win.cc(73)] ReadMemory at 0x29d6221c2b0 of 62 bytes failed: Only part of a ReadProcessMemory or WriteProcessMemory request was completed. (0x12B)
[0827/231035.226:ERROR:process_memory_win.cc(73)] ReadMemory at 0x29d6221c4b0 of 132 bytes failed: Only part of a ReadProcessMemory or WriteProcessMemory request was completed. (0x12B)
[0827/231035.226:ERROR:process_memory_win.cc(73)] ReadMemory at 0x29d6221ccd0 of 80 bytes failed: Only part of a ReadProcessMemory or WriteProcessMemory request was completed. (0x12B)
[0827/231035.226:ERROR:process_memory_win.cc(73)] ReadMemory at 0x29d6221fca0 of 132 bytes failed: Only part of a ReadProcessMemory or WriteProcessMemory request was completed. (0x12B)
[0827/231035.226:ERROR:process_memory_win.cc(73)] ReadMemory at 0x29d6221fec0 of 132 bytes failed: Only part of a ReadProcessMemory or WriteProcessMemory request was completed. (0x12B)
[0827/231035.226:ERROR:process_memory_win.cc(73)] ReadMemory at 0x29d62220210 of 132 bytes failed: Only part of a ReadProcessMemory or WriteProcessMemory request was completed. (0x12B)
[0827/231035.227:ERROR:process_memory_win.cc(73)] ReadMemory at 0x29d62220420 of 132 bytes failed: Only part of a ReadProcessMemory or WriteProcessMemory request was completed. (0x12B)
[0827/231035.227:ERROR:process_memory_win.cc(73)] ReadMemory at 0x29d622210b0 of 132 bytes failed: Only part of a ReadProcessMemory or WriteProcessMemory request was completed. (0x12B)
[0827/231035.227:ERROR:process_memory_win.cc(73)] ReadMemory at 0x29d622211e0 of 132 bytes failed: Only part of a ReadProcessMemory or WriteProcessMemory request was completed. (0x12B)
[0827/231035.227:ERROR:process_memory_win.cc(73)] ReadMemory at 0x29d62221310 of 132 bytes failed: Only part of a ReadProcessMemory or WriteProcessMemory request was completed. (0x12B)
[0827/231035.227:ERROR:process_memory_win.cc(73)] ReadMemory at 0x29d62221440 of 132 bytes failed: Only part of a ReadProcessMemory or WriteProcessMemory request was completed. (0x12B)
[0827/231035.228:ERROR:process_memory_win.cc(73)] ReadMemory at 0x29d62221570 of 132 bytes failed: Only part of a ReadProcessMemory or WriteProcessMemory request was completed. (0x12B)
[0827/231035.228:ERROR:process_memory_win.cc(73)] ReadMemory at 0x29d622216a0 of 132 bytes failed: Only part of a ReadProcessMemory or WriteProcessMemory request was completed. (0x12B)
[0827/231035.228:ERROR:process_memory_win.cc(73)] ReadMemory at 0x29d622217d0 of 132 bytes failed: Only part of a ReadProcessMemory or WriteProcessMemory request was completed. (0x12B)
[0827/231035.232:ERROR:process_memory_win.cc(73)] ReadMemory at 0x29d62221900 of 132 bytes failed: Only part of a ReadProcessMemory or WriteProcessMemory request was completed. (0x12B)
[0827/231035.233:ERROR:process_memory_win.cc(73)] ReadMemory at 0x29d62221a30 of 132 bytes failed: Only part of a ReadProcessMemory or WriteProcessMemory request was completed. (0x12B)
[0827/231035.233:ERROR:process_memory_win.cc(73)] ReadMemory at 0x29d62221b60 of 132 bytes failed: Only part of a ReadProcessMemory or WriteProcessMemory request was completed. (0x12B)
[0827/231035.233:ERROR:process_memory_win.cc(73)] ReadMemory at 0x29d62221c90 of 132 bytes failed: Only part of a ReadProcessMemory or WriteProcessMemory request was completed. (0x12B)
[0827/231035.233:ERROR:process_memory_win.cc(73)] ReadMemory at 0x29d62222020 of 132 bytes failed: Only part of a ReadProcessMemory or WriteProcessMemory request was completed. (0x12B)
[0827/231035.233:ERROR:process_memory_win.cc(73)] ReadMemory at 0x29d622223b0 of 132 bytes failed: Only part of a ReadProcessMemory or WriteProcessMemory request was completed. (0x12B)
[0827/231035.234:ERROR:process_memory_win.cc(73)] ReadMemory at 0x29d62222870 of 132 bytes failed: Only part of a ReadProcessMemory or WriteProcessMemory request was completed. (0x12B)
[0827/231035.234:ERROR:process_memory_win.cc(73)] ReadMemory at 0x29d62222c00 of 132 bytes failed: Only part of a ReadProcessMemory or WriteProcessMemory request was completed. (0x12B)
[0827/231035.234:ERROR:process_memory_win.cc(73)] ReadMemory at 0x29d62249c30 of 60 bytes failed: Only part of a ReadProcessMemory or WriteProcessMemory request was completed. (0x12B)
[0827/231035.234:ERROR:process_memory_win.cc(73)] ReadMemory at 0x29d62249d70 of 56 bytes failed: Only part of a ReadProcessMemory or WriteProcessMemory request was completed. (0x12B)
[0827/231035.234:ERROR:process_memory_win.cc(73)] ReadMemory at 0x29d62249e60 of 62 bytes failed: Only part of a ReadProcessMemory or WriteProcessMemory request was completed. (0x12B)
[0827/231035.234:ERROR:process_memory_win.cc(73)] ReadMemory at 0x29d62249f50 of 66 bytes failed: Only part of a ReadProcessMemory or WriteProcessMemory request was completed. (0x12B)
[0827/231035.234:ERROR:process_memory_win.cc(73)] ReadMemory at 0x29d62249ff0 of 60 bytes failed: Only part of a ReadProcessMemory or WriteProcessMemory request was completed. (0x12B)
[0827/231035.234:ERROR:process_memory_win.cc(73)] ReadMemory at 0x29d6224a1d0 of 62 bytes failed: Only part of a ReadProcessMemory or WriteProcessMemory request was completed. (0x12B)
[0827/231035.235:ERROR:process_memory_win.cc(73)] ReadMemory at 0x29d6224a680 of 58 bytes failed: Only part of a ReadProcessMemory or WriteProcessMemory request was completed. (0x12B)
[0827/231035.235:ERROR:process_memory_win.cc(73)] ReadMemory at 0x29d6224a6d0 of 60 bytes failed: Only part of a ReadProcessMemory or WriteProcessMemory request was completed. (0x12B)
[0827/231035.235:ERROR:process_memory_win.cc(73)] ReadMemory at 0x29d6224a810 of 62 bytes failed: Only part of a ReadProcessMemory or WriteProcessMemory request was completed. (0x12B)
[0827/231035.236:ERROR:process_memory_win.cc(73)] ReadMemory at 0x29d6224a950 of 58 bytes failed: Only part of a ReadProcessMemory or WriteProcessMemory request was completed. (0x12B)
[0827/231035.236:ERROR:process_memory_win.cc(73)] ReadMemory at 0x29d62278640 of 512 bytes failed: Only part of a ReadProcessMemory or WriteProcessMemory request was completed. (0x12B)
[0827/231035.236:ERROR:process_memory_win.cc(73)] ReadMemory at 0x29d6229fcf0 of 512 bytes failed: Only part of a ReadProcessMemory or WriteProcessMemory request was completed. (0x12B)
[0827/231035.236:ERROR:process_memory_win.cc(73)] ReadMemory at 0x29d622a3970 of 512 bytes failed: Only part of a ReadProcessMemory or WriteProcessMemory request was completed. (0x12B)
[0827/231035.236:ERROR:process_memory_win.cc(73)] ReadMemory at 0x29d622a5380 of 712 bytes failed: Only part of a ReadProcessMemory or WriteProcessMemory request was completed. (0x12B)
[0827/231035.237:ERROR:process_memory_win.cc(73)] ReadMemory at 0x29d622a6a30 of 512 bytes failed: Only part of a ReadProcessMemory or WriteProcessMemory request was completed. (0x12B)
[0827/231035.237:ERROR:process_memory_win.cc(73)] ReadMemory at 0x29d622c0a70 of 512 bytes failed: Only part of a ReadProcessMemory or WriteProcessMemory request was completed. (0x12B)
[0827/231035.237:ERROR:process_memory_win.cc(73)] ReadMemory at 0x29d622edf40 of 512 bytes failed: Only part of a ReadProcessMemory or WriteProcessMemory request was completed. (0x12B)
[0827/231035.237:ERROR:process_memory_win.cc(73)] ReadMemory at 0x29d62330000 of 384 bytes failed: Only part of a ReadProcessMemory or WriteProcessMemory request was completed. (0x12B)
[0827/231035.237:ERROR:process_memory_win.cc(73)] ReadMemory at 0x29d623313c0 of 512 bytes failed: Only part of a ReadProcessMemory or WriteProcessMemory request was completed. (0x12B)
[0827/231035.237:ERROR:process_memory_win.cc(73)] ReadMemory at 0x29d62527980 of 512 bytes failed: Only part of a ReadProcessMemory or WriteProcessMemory request was completed. (0x12B)
[0827/231035.239:ERROR:process_memory_win.cc(73)] ReadMemory at 0x29d644cef60 of 512 bytes failed: Only part of a ReadProcessMemory or WriteProcessMemory request was completed. (0x12B)
[0827/231035.239:ERROR:process_memory_win.cc(73)] ReadMemory at 0x29d645937f0 of 512 bytes failed: Only part of a ReadProcessMemory or WriteProcessMemory request was completed. (0x12B)
[0827/231035.239:ERROR:process_memory_win.cc(73)] ReadMemory at 0x29d646df0a0 of 512 bytes failed: Only part of a ReadProcessMemory or WriteProcessMemory request was completed. (0x12B)
[0827/231035.239:ERROR:process_memory_win.cc(73)] ReadMemory at 0x29d646e3250 of 512 bytes failed: Only part of a ReadProcessMemory or WriteProcessMemory request was completed. (0x12B)
[0827/231035.239:ERROR:process_memory_win.cc(73)] ReadMemory at 0x29d64838c00 of 512 bytes failed: Only part of a ReadProcessMemory or WriteProcessMemory request was completed. (0x12B)
[0827/231035.240:ERROR:process_memory_win.cc(73)] ReadMemory at 0x29d648a0000 of 384 bytes failed: Only part of a ReadProcessMemory or WriteProcessMemory request was completed. (0x12B)
[0827/231035.240:ERROR:process_memory_win.cc(73)] ReadMemory at 0x29d6491de40 of 512 bytes failed: Only part of a ReadProcessMemory or WriteProcessMemory request was completed. (0x12B)
[0827/231035.240:ERROR:process_memory_win.cc(73)] ReadMemory at 0x29d6491e310 of 512 bytes failed: Only part of a ReadProcessMemory or WriteProcessMemory request was completed. (0x12B)
[0827/231035.240:ERROR:process_memory_win.cc(73)] ReadMemory at 0x29d665f4650 of 512 bytes failed: Only part of a ReadProcessMemory or WriteProcessMemory request was completed. (0x12B)
[0827/231035.240:ERROR:process_memory_win.cc(73)] ReadMemory at 0x29d66623d20 of 512 bytes failed: Only part of a ReadProcessMemory or WriteProcessMemory request was completed. (0x12B)
[0827/231035.246:ERROR:scoped_process_suspend.cc(40)] NtResumeProcess: An attempt was made to access an exiting process. (0xc000010a)
